[11:49:54] [Server thread/INFO]: Starting minecraft server version 1.10.2
[11:51:04] [Server thread/INFO]: Loading properties
[11:51:04] [Server thread/INFO]: Default game type: SURVIVAL
[11:51:04] [Server thread/INFO]: Generating keypair
[11:51:04] [Server thread/INFO]: Starting Minecraft server on *:7878
[11:51:04] [Server thread/INFO]: Using default channel type
[11:51:24] [Server thread/WARN]: Failed to load user banlist: 
java.io.FileNotFoundException: banned-players.json (The system cannot find the file specified)
	at java.io.FileInputStream.open0(Native Method) ~[?:1.8.0_121]
	at java.io.FileInputStream.open(Unknown Source) ~[?:1.8.0_121]
	at java.io.FileInputStream.<init>(Unknown Source) ~[?:1.8.0_121]
	at com.google.common.io.Files.newReader(Files.java:86) ~[minecraft_server.1.10.2.jar:?]
	at net.minecraft.server.management.UserList.func_152679_g(SourceFile:136) ~[mt.class:?]
	at net.minecraft.server.dedicated.DedicatedPlayerList.func_187246_z(SourceFile:99) [lc.class:?]
	at net.minecraft.server.dedicated.DedicatedPlayerList.<init>(SourceFile:25) [lc.class:?]
	at net.minecraft.server.dedicated.DedicatedServer.func_71197_b(DedicatedServer.java:215) [ld.class:?]
	at net.minecraft.server.MinecraftServer.run(MinecraftServer.java:431) [MinecraftServer.class:?]
	at java.lang.Thread.run(Unknown Source) [?:1.8.0_121]
[11:51:24] [Server thread/WARN]: Failed to load ip banlist: 
java.io.FileNotFoundException: banned-ips.json (The system cannot find the file specified)
	at java.io.FileInputStream.open0(Native Method) ~[?:1.8.0_121]
	at java.io.FileInputStream.open(Unknown Source) ~[?:1.8.0_121]
	at java.io.FileInputStream.<init>(Unknown Source) ~[?:1.8.0_121]
	at com.google.common.io.Files.newReader(Files.java:86) ~[minecraft_server.1.10.2.jar:?]
	at net.minecraft.server.management.UserList.func_152679_g(SourceFile:136) ~[mt.class:?]
	at net.minecraft.server.dedicated.DedicatedPlayerList.func_187249_y(SourceFile:91) [lc.class:?]
	at net.minecraft.server.dedicated.DedicatedPlayerList.<init>(SourceFile:27) [lc.class:?]
	at net.minecraft.server.dedicated.DedicatedServer.func_71197_b(DedicatedServer.java:215) [ld.class:?]
	at net.minecraft.server.MinecraftServer.run(MinecraftServer.java:431) [MinecraftServer.class:?]
	at java.lang.Thread.run(Unknown Source) [?:1.8.0_121]
[11:51:24] [Server thread/WARN]: Failed to load operators list: 
java.io.FileNotFoundException: ops.json (The system cannot find the file specified)
	at java.io.FileInputStream.open0(Native Method) ~[?:1.8.0_121]
	at java.io.FileInputStream.open(Unknown Source) ~[?:1.8.0_121]
	at java.io.FileInputStream.<init>(Unknown Source) ~[?:1.8.0_121]
	at com.google.common.io.Files.newReader(Files.java:86) ~[minecraft_server.1.10.2.jar:?]
	at net.minecraft.server.management.UserList.func_152679_g(SourceFile:136) ~[mt.class:?]
	at net.minecraft.server.dedicated.DedicatedPlayerList.func_72417_t(SourceFile:107) [lc.class:?]
	at net.minecraft.server.dedicated.DedicatedPlayerList.<init>(SourceFile:29) [lc.class:?]
	at net.minecraft.server.dedicated.DedicatedServer.func_71197_b(DedicatedServer.java:215) [ld.class:?]
	at net.minecraft.server.MinecraftServer.run(MinecraftServer.java:431) [MinecraftServer.class:?]
	at java.lang.Thread.run(Unknown Source) [?:1.8.0_121]
[11:51:24] [Server thread/WARN]: Failed to load white-list: 
java.io.FileNotFoundException: whitelist.json (The system cannot find the file specified)
	at java.io.FileInputStream.open0(Native Method) ~[?:1.8.0_121]
	at java.io.FileInputStream.open(Unknown Source) ~[?:1.8.0_121]
	at java.io.FileInputStream.<init>(Unknown Source) ~[?:1.8.0_121]
	at com.google.common.io.Files.newReader(Files.java:86) ~[minecraft_server.1.10.2.jar:?]
	at net.minecraft.server.management.UserList.func_152679_g(SourceFile:136) ~[mt.class:?]
	at net.minecraft.server.dedicated.DedicatedPlayerList.func_72418_v(SourceFile:123) [lc.class:?]
	at net.minecraft.server.dedicated.DedicatedPlayerList.<init>(SourceFile:30) [lc.class:?]
	at net.minecraft.server.dedicated.DedicatedServer.func_71197_b(DedicatedServer.java:215) [ld.class:?]
	at net.minecraft.server.MinecraftServer.run(MinecraftServer.java:431) [MinecraftServer.class:?]
	at java.lang.Thread.run(Unknown Source) [?:1.8.0_121]
[11:51:24] [Server thread/INFO]: Preparing level "world"
[11:51:24] [Server thread/WARN]: Couldn't find resource table railcraft:chests/village_workshop
[11:51:26] [Server thread/INFO]: Preparing start region for level 0
[11:51:27] [Server thread/INFO]: Preparing spawn area: 4%
[11:51:28] [Server thread/INFO]: Preparing spawn area: 6%
[11:51:30] [Server thread/INFO]: Preparing spawn area: 7%
[11:51:31] [Server thread/INFO]: Preparing spawn area: 12%
[11:51:32] [Server thread/INFO]: Preparing spawn area: 12%
[11:51:33] [Server thread/INFO]: Preparing spawn area: 18%
[11:51:34] [Server thread/INFO]: Preparing spawn area: 28%
[11:51:36] [Server thread/INFO]: Preparing spawn area: 35%
[11:51:37] [Server thread/INFO]: Preparing spawn area: 43%
[11:51:38] [Server thread/INFO]: Preparing spawn area: 54%
[11:51:39] [Server thread/INFO]: Preparing spawn area: 62%
[11:51:40] [Server thread/INFO]: Preparing spawn area: 71%
[11:51:41] [Server thread/INFO]: Preparing spawn area: 76%
[11:51:43] [Server thread/INFO]: Preparing spawn area: 83%
[11:51:44] [Server thread/INFO]: Preparing spawn area: 93%
[11:51:44] [Server thread/INFO]: Done (20.487s)! For help, type "help" or "?"
[11:51:47] [Server thread/INFO]: FTBLib: Server reloaded in 1191ms
[11:51:57] [Server thread/INFO]: Stopping the server
[11:51:58] [Server thread/INFO]: Stopping server
[11:51:58] [Server thread/INFO]: Saving players
[11:51:58] [Server thread/INFO]: Saving worlds
[11:51:58] [Server thread/INFO]: Saving chunks for level 'world'/Overworld
[11:51:59] [Server thread/INFO]: Saving chunks for level 'world'/Nether
[11:51:59] [Server thread/INFO]: Saving chunks for level 'world'/The End
[11:51:59] [Server thread/INFO]: Saving chunks for level 'world'/Deep Dark
[11:51:59] [Server thread/INFO]: Saving chunks for level 'world'/ExtraUtils2_Quarry_Dim
[11:51:59] [Server thread/INFO]: Saving chunks for level 'world'/simplevoidworld
[11:51:59] [Server thread/INFO]: Saving chunks for level 'world'/MiningWorld
[11:52:01] [Server Shutdown Thread/INFO]: Stopping server
[11:52:01] [Server Shutdown Thread/INFO]: Saving players
[11:52:01] [Server Shutdown Thread/INFO]: Saving worlds
