[21:08:16] [Server thread/INFO]: Starting minecraft server version 1.10.2
[21:09:11] [Server thread/INFO]: Loading properties
[21:09:11] [Server thread/INFO]: Default game type: SURVIVAL
[21:09:11] [Server thread/INFO]: Generating keypair
[21:09:11] [Server thread/INFO]: Starting Minecraft server on *:7878
[21:09:11] [Server thread/INFO]: Using default channel type
[21:09:24] [Server thread/INFO]: Preparing level "world"
[21:09:25] [Server thread/WARN]: Couldn't find resource table railcraft:chests/village_workshop
[21:09:25] [Server thread/INFO]: Preparing start region for level 0
[21:09:27] [Server thread/INFO]: Preparing spawn area: 0%
[21:09:28] [Server thread/INFO]: Preparing spawn area: 93%
[21:09:28] [Server thread/INFO]: Done (4.093s)! For help, type "help" or "?"
[21:09:30] [Server thread/INFO]: FTBLib: Server reloaded in 831ms
[21:09:31] [User Authenticator #1/INFO]: UUID of player onContentStop is a5a02fa8-538d-4d71-ab71-f8d847398cd8
[21:09:33] [Server thread/INFO]: onContentStop[/192.168.0.1:57014] logged in with entity id 190 at (574.9927047319976, 68.0, -2188.8630350142134)
[21:09:33] [Server thread/INFO]: onContentStop joined the game
[21:09:36] [Server thread/WARN]: Can't keep up! Did the system time change, or is the server overloaded? Running 4025ms behind, skipping 80 tick(s)
[21:09:37] [User Authenticator #2/INFO]: UUID of player AgentBAJ is 4ae649ce-98d1-4938-9922-a019dd29af2d
[21:09:39] [Server thread/INFO]: AgentBAJ[/108.232.89.145:58515] logged in with entity id 795 at (707.3588070357093, 58.0, 3200.630574775224)
[21:09:39] [Server thread/INFO]: AgentBAJ joined the game
[21:09:47] [User Authenticator #3/INFO]: UUID of player TheGameIsAfoot is 4d0f053b-9ec1-4a4e-9e6d-d5178ae6ac2c
[21:09:49] [Server thread/INFO]: TheGameIsAfoot[/74.83.195.103:53187] logged in with entity id 1129 at (557.6049349602207, 67.0, -2167.2773764476656)
[21:09:49] [Server thread/INFO]: TheGameIsAfoot joined the game
[21:10:00] [User Authenticator #4/INFO]: UUID of player DiamondKing504 is 509ad8ee-dd05-4ea6-bb86-5227fefa7be6
[21:10:01] [Server thread/INFO]: DiamondKing504[/69.144.148.130:57518] logged in with entity id 1164 at (561.7496894391311, 69.0, -2188.9272078264717)
[21:10:01] [Server thread/INFO]: DiamondKing504 joined the game
[21:10:02] [User Authenticator #5/INFO]: UUID of player radflag622 is 7d9670e6-bc2f-4943-a6ee-410af51e9cc3
[21:10:03] [Server thread/INFO]: radflag622[/208.102.195.29:60856] logged in with entity id 1213 at (573.4574904859928, 67.7531999805212, -2188.300000011921)
[21:10:03] [Server thread/INFO]: radflag622 joined the game
[21:10:18] [User Authenticator #6/INFO]: UUID of player Creepini is e1cae796-a835-44ba-b79e-9a810d9cd1ea
[21:10:20] [Server thread/INFO]: Creepini[/192.168.0.1:53636] logged in with entity id 1645 at (454.69999998807907, 9.0, -2083.3613483422146)
[21:10:20] [Server thread/INFO]: Creepini joined the game
[21:10:21] [Server thread/INFO]: [onContentStop: Set own game mode to Survival Mode]
[21:10:42] [User Authenticator #7/INFO]: UUID of player davidahs592 is 2c5484af-65c3-466b-a732-bec5d824637b
[21:10:44] [Server thread/INFO]: davidahs592[/71.211.176.176:60826] logged in with entity id 3312 at (1173.3019644616352, 97.15293560928598, -3261.424919876624)
[21:10:44] [Server thread/INFO]: davidahs592 joined the game
[21:10:53] [Server thread/WARN]: Can't keep up! Did the system time change, or is the server overloaded? Running 2549ms behind, skipping 50 tick(s)
[21:10:59] [Server thread/INFO]: [onContentStop: Given [Opinium Core (Pathetic)] * 64 to onContentStop]
[21:11:03] [Server thread/INFO]: <onContentStop> oops lol
[21:11:03] [Server thread/INFO]: <Creepini> oi
[21:11:04] [Server thread/INFO]: <Creepini> lol
[21:11:06] [Server thread/INFO]: <onContentStop> still in cheat mdoe
[21:11:08] [Server thread/INFO]: <Creepini> :D
[21:11:11] [Server thread/WARN]: DiamondKing504 moved too quickly! 9.50008625372027,0.0,-3.178328431164573
[21:11:14] [Server thread/WARN]: Can't keep up! Did the system time change, or is the server overloaded? Running 8375ms behind, skipping 167 tick(s)
[21:11:14] [Server thread/INFO]: <onContentStop> ok all better now
[21:11:26] [Server thread/WARN]: Can't keep up! Did the system time change, or is the server overloaded? Running 4161ms behind, skipping 83 tick(s)
[21:11:47] [Server thread/WARN]: Can't keep up! Did the system time change, or is the server overloaded? Running 5975ms behind, skipping 119 tick(s)
[21:12:01] [Server thread/WARN]: Can't keep up! Did the system time change, or is the server overloaded? Running 4845ms behind, skipping 96 tick(s)
[21:12:04] [Server thread/INFO]: <onContentStop> how do youg et ender pearls
[21:12:06] [Server thread/INFO]: <onContentStop> halp
[21:12:11] [Server thread/INFO]: <Creepini> you dont
[21:12:12] [Server thread/INFO]: <Creepini> lol
[21:12:14] [Server thread/INFO]: <DiamondKing504> you cant
[21:12:16] [Server thread/INFO]: <radflag622> ?
[21:12:18] [Server thread/INFO]: <Creepini> We ahve very few
[21:12:19] [Server thread/INFO]: <DiamondKing504> endermen are more rare than cows
[21:12:24] [Server thread/WARN]: Can't keep up! Did the system time change, or is the server overloaded? Running 9252ms behind, skipping 185 tick(s)
[21:12:36] [Server thread/WARN]: Can't keep up! Did the system time change, or is the server overloaded? Running 4146ms behind, skipping 82 tick(s)
[21:12:52] [Server thread/WARN]: Can't keep up! Did the system time change, or is the server overloaded? Running 2283ms behind, skipping 45 tick(s)
[21:13:11] [Server thread/WARN]: davidahs592 moved too quickly! -5.987361631527847,3.956128969203874,7.456631283620936
[21:13:17] [Server thread/WARN]: onContentStop moved wrongly!
[21:13:22] [Server thread/WARN]: onContentStop moved too quickly! 10.078883696560297,-6.875,12.733635978961502
[21:13:25] [Server thread/WARN]: davidahs592 moved too quickly! -4.08040249158239,0.0,9.428804232830316
[21:13:46] [Server thread/WARN]: Can't keep up! Did the system time change, or is the server overloaded? Running 2624ms behind, skipping 52 tick(s)
[21:13:46] [Server thread/WARN]: davidahs592 moved too quickly! -5.353266966651745,0.0,8.45986348811357
[21:13:46] [Server thread/WARN]: radflag622 moved too quickly! 8.272851892770632,-0.9215999984741217,5.9133110590723845
[21:13:46] [Server thread/WARN]: onContentStop moved too quickly! 7.758609335869551,1.0,-6.3228153689610735
[21:13:53] [Server thread/WARN]: davidahs592 moved too quickly! -5.425905352418226,0.0,8.807149600122557
[21:14:31] [Server thread/WARN]: Can't keep up! Did the system time change, or is the server overloaded? Running 2182ms behind, skipping 43 tick(s)
[21:14:31] [Server thread/WARN]: davidahs592 moved too quickly! -4.959543072534075,0.0,9.076876100786194
[21:14:34] [Server thread/WARN]: davidahs592 moved too quickly! -5.205909636790466,0.0,8.89005209676452
[21:15:15] [Server thread/WARN]: davidahs592 moved too quickly! 8.832235597404065,0.0,5.2136615481463195
[21:16:38] [Server thread/INFO]: Creepini has just earned the achievement [Water Mill]
[21:16:45] [Server thread/WARN]: DiamondKing504 moved wrongly!
[21:18:34] [Server thread/WARN]: DiamondKing504 moved too quickly! -7.418416919280531,0.038071297512800584,6.985722774256374
[21:18:35] [Server thread/WARN]: Creepini moved too quickly! -509.0166927861819,45.0,1900.0
[21:18:42] [Server thread/WARN]: DiamondKing504 moved too quickly! 10.194991062596472,0.0,-3.0811762145031025
[21:18:43] [Server thread/WARN]: Can't keep up! Did the system time change, or is the server overloaded? Running 2048ms behind, skipping 40 tick(s)
[21:19:01] [Server thread/WARN]: DiamondKing504 moved too quickly! 10.26283146840018,0.0,-3.0233379795804467
[21:19:45] [Server thread/WARN]: DiamondKing504 moved too quickly! -7.911639376476614,3.6623646245831054,-4.924305374127471
[21:20:30] [Server thread/WARN]: DiamondKing504 moved too quickly! 0.9065117303388206,2.115398580890684,9.917478830750497
[21:21:15] [Server thread/WARN]: DiamondKing504 moved too quickly! 7.066391584863368,3.3750001341104507,-6.627477901040038
[21:22:00] [Server thread/WARN]: DiamondKing504 moved too quickly! 0.6391051824299439,4.483482408469001,9.414627015137285
[21:23:31] [Server thread/WARN]: DiamondKing504 moved too quickly! 8.632256486318738,5.32344670080505,-2.0322969586611634
[21:24:16] [Server thread/WARN]: Can't keep up! Did the system time change, or is the server overloaded? Running 2196ms behind, skipping 43 tick(s)
[21:25:08] [Server thread/WARN]: DiamondKing504 moved too quickly! -9.333663177262338,4.741300150146358,0.24695478485728017
[21:25:36] [Server thread/INFO]: Creepini lost connection: TextComponent{text='Disconnected', siblings=[], style=Style{hasParent=false, color=null, bold=null, italic=null, underlined=null, obfuscated=null, clickEvent=null, hoverEvent=null, insertion=null}}
[21:25:36] [Server thread/INFO]: Creepini left the game
[21:25:46] [Server thread/WARN]: Can't keep up! Did the system time change, or is the server overloaded? Running 2215ms behind, skipping 44 tick(s)
[21:26:07] [Server thread/WARN]: DiamondKing504 moved too quickly! 1.0309073616239175,0.0,10.492483571587627
[21:26:08] [Server thread/WARN]: Can't keep up! Did the system time change, or is the server overloaded? Running 5704ms behind, skipping 114 tick(s)
[21:26:11] [Server thread/WARN]: DiamondKing504 moved too quickly! 10.057563720465396,0.0,0.5645819463147745
[21:26:20] [Server thread/WARN]: DiamondKing504 moved too quickly! 9.411843381149993,2.833817925999128,3.9083949159378335
[21:26:23] [Server thread/WARN]: Can't keep up! Did the system time change, or is the server overloaded? Running 3526ms behind, skipping 70 tick(s)
[21:26:32] [Server thread/WARN]: DiamondKing504 moved too quickly! -3.642307842269929,0.0,9.784364106077874
[21:26:38] [Server thread/WARN]: Can't keep up! Did the system time change, or is the server overloaded? Running 3347ms behind, skipping 66 tick(s)
[21:26:38] [Server thread/WARN]: DiamondKing504 moved too quickly! -3.216941902968756,0.0,10.16054367224433
[21:27:23] [Server thread/WARN]: TheGameIsAfoot moved too quickly! -7.044343869455247,-1.0,7.614707347561762
[21:28:07] [Server thread/WARN]: DiamondKing504 moved too quickly! 7.545463536479474,1.5488282768707933,-6.436443617902114
[21:28:53] [Server thread/WARN]: TheGameIsAfoot moved too quickly! -3.168612923262117,0.0,-9.501593151827365
[21:29:00] [Server thread/WARN]: onContentStop moved wrongly!
[21:29:07] [Server thread/WARN]: onContentStop moved too quickly! 10.091320860030805,-6.875,11.908138799112294
[21:29:12] [File IO Thread/ERROR]: Failed to save chunk
java.util.ConcurrentModificationException
	at java.util.HashMap$HashIterator.nextNode(Unknown Source) ~[?:1.8.0_121]
	at java.util.HashMap$KeyIterator.next(Unknown Source) ~[?:1.8.0_121]
	at net.minecraft.nbt.NBTTagCompound.func_74734_a(NBTTagCompound.java:23) ~[dr.class:?]
	at net.minecraft.nbt.CompressedStreamTools.func_150663_a(CompressedStreamTools.java:111) ~[ea.class:?]
	at net.minecraft.nbt.CompressedStreamTools.func_74800_a(CompressedStreamTools.java:101) ~[ea.class:?]
	at net.minecraft.world.chunk.storage.AnvilChunkLoader.func_183013_b(AnvilChunkLoader.java:242) ~[atj.class:?]
	at net.minecraft.world.chunk.storage.AnvilChunkLoader.func_75814_c(AnvilChunkLoader.java:220) [atj.class:?]
	at net.minecraft.world.storage.ThreadedFileIOBase.func_75736_b(SourceFile:37) [bbu.class:?]
	at net.minecraft.world.storage.ThreadedFileIOBase.run(SourceFile:30) [bbu.class:?]
	at java.lang.Thread.run(Unknown Source) [?:1.8.0_121]
[21:29:14] [Server thread/WARN]: radflag622 moved wrongly!
[21:29:16] [Server thread/WARN]: DiamondKing504 moved too quickly! 9.945974097450744,0.010077475326525587,-1.9921949742713423
[21:29:19] [Server thread/WARN]: DiamondKing504 moved too quickly! 6.022088222352977,0.0,-9.046662950083828
[21:29:21] [Server thread/WARN]: Can't keep up! Did the system time change, or is the server overloaded? Running 4237ms behind, skipping 84 tick(s)
[21:29:41] [Server thread/WARN]: Can't keep up! Did the system time change, or is the server overloaded? Running 2513ms behind, skipping 50 tick(s)
[21:29:56] [Server thread/WARN]: DiamondKing504 moved too quickly! -0.0787015529654127,0.0,-10.16955704269617
[21:30:00] [Server thread/WARN]: Can't keep up! Did the system time change, or is the server overloaded? Running 3018ms behind, skipping 60 tick(s)
[21:31:03] [User Authenticator #8/INFO]: UUID of player Creepini is e1cae796-a835-44ba-b79e-9a810d9cd1ea
[21:31:03] [Server thread/INFO]: Creepini[/192.168.0.1:53876] logged in with entity id 114406 at (559.9634021286871, 67.875, -2165.6352821017217)
[21:31:03] [Server thread/INFO]: Creepini joined the game
[21:31:12] [Server thread/INFO]: davidahs592 lost connection: TranslatableComponent{key='disconnect.timeout', args=[], siblings=[], style=Style{hasParent=false, color=null, bold=null, italic=null, underlined=null, obfuscated=null, clickEvent=null, hoverEvent=null, insertion=null}}
[21:31:12] [Server thread/INFO]: davidahs592 left the game
[21:31:14] [Server thread/WARN]: AgentBAJ moved wrongly!
[21:31:44] [Server thread/INFO]: AgentBAJ lost connection: TranslatableComponent{key='disconnect.timeout', args=[], siblings=[], style=Style{hasParent=false, color=null, bold=null, italic=null, underlined=null, obfuscated=null, clickEvent=null, hoverEvent=null, insertion=null}}
[21:31:44] [Server thread/INFO]: AgentBAJ left the game
[21:31:46] [Server thread/WARN]: DiamondKing504 moved too quickly! 6.907649440622208,7.863292494012782,-2.0720766593087774
[21:31:57] [Server thread/WARN]: DiamondKing504 moved too quickly! 8.459135985610374,2.7396001081270356,6.381312579287851
[21:31:57] [Server thread/WARN]: Can't keep up! Did the system time change, or is the server overloaded? Running 2622ms behind, skipping 52 tick(s)
[21:31:59] [Server thread/WARN]: DiamondKing504 moved too quickly! -0.422397150174902,0.0,10.753316555879337
[21:32:03] [User Authenticator #9/INFO]: UUID of player davidahs592 is 2c5484af-65c3-466b-a732-bec5d824637b
[21:32:05] [Server thread/INFO]: davidahs592[/71.211.176.176:60900] logged in with entity id 118948 at (557.6564227799204, 67.0, -2166.650678029228)
[21:32:05] [Server thread/INFO]: davidahs592 joined the game
[21:32:10] [Server thread/WARN]: DiamondKing504 moved too quickly! 10.635070129292217,0.0,-0.36825011486030235
[21:32:12] [Server thread/WARN]: onContentStop moved too quickly! -593.598735259428,-8.0,-2805.115419786386
[21:32:18] [Server thread/WARN]: Can't keep up! Did the system time change, or is the server overloaded? Running 4578ms behind, skipping 91 tick(s)
[21:32:20] [Server thread/WARN]: onContentStop moved too quickly! 593.7063395785882,8.0,2805.9031003882956
[21:32:28] [Server thread/WARN]: DiamondKing504 moved too quickly! 10.374267458010763,0.0,-3.276762236671402
[21:32:46] [Server thread/WARN]: onContentStop moved wrongly!
[21:32:46] [Server thread/WARN]: DiamondKing504 moved too quickly! 10.205592684903877,0.0,0.6751022675475724
[21:32:49] [Server thread/WARN]: onContentStop moved too quickly! 9.445921741933489,-6.875,11.971978606520679
[21:32:49] [Server thread/WARN]: DiamondKing504 moved too quickly! -0.6691655728614023,0.0,-10.327164524104546
[21:32:50] [Server thread/WARN]: Can't keep up! Did the system time change, or is the server overloaded? Running 6875ms behind, skipping 137 tick(s)
[21:32:52] [Server thread/WARN]: DiamondKing504 moved too quickly! 10.600935652531462,0.0,-0.8383100009689315
[21:33:04] [Server thread/WARN]: Can't keep up! Did the system time change, or is the server overloaded? Running 2516ms behind, skipping 50 tick(s)
[21:33:15] [Server thread/WARN]: DiamondKing504 moved too quickly! 9.769344288257798,0.0,-4.808362050889173
[21:33:26] [Server thread/WARN]: Can't keep up! Did the system time change, or is the server overloaded? Running 4164ms behind, skipping 83 tick(s)
[21:33:31] [Server thread/WARN]: DiamondKing504 moved too quickly! 9.847179445551319,0.0,-2.97376224009804
[21:33:40] [Server thread/WARN]: DiamondKing504 moved too quickly! 0.49301322988139873,0.0,-10.863854496433532
[21:33:46] [Server thread/WARN]: DiamondKing504 moved too quickly! -3.5657753530877017,-6.374999907950183,-6.985500034936194
[21:33:46] [Server thread/WARN]: radflag622 moved too quickly! 10.150312707945318,0.0,-0.5822994914788069
[21:33:53] [Server thread/WARN]: DiamondKing504 moved too quickly! -5.13363731202071,3.474325193905827,-8.77351876738635
[21:33:58] [Server thread/WARN]: Can't keep up! Did the system time change, or is the server overloaded? Running 10328ms behind, skipping 206 tick(s)
[21:34:31] [Server thread/WARN]: Can't keep up! Did the system time change, or is the server overloaded? Running 2418ms behind, skipping 48 tick(s)
[21:34:31] [Server thread/WARN]: DiamondKing504 moved too quickly! -4.0628634629588305,1.6938357385021305,-9.037130643954697
[21:34:43] [Server thread/WARN]: DiamondKing504 moved too quickly! -5.0951422809689575,0.115831300546958,-8.691461980095937
[21:34:54] [Server thread/WARN]: DiamondKing504 moved too quickly! -10.777731496228625,0.0,-1.0846883429451282
[21:34:55] [Server thread/WARN]: Can't keep up! Did the system time change, or is the server overloaded? Running 2550ms behind, skipping 51 tick(s)
[21:34:55] [Server thread/WARN]: DiamondKing504 moved too quickly! -10.181777287727527,0.0,-0.3693029859316539
[21:34:59] [Server thread/WARN]: DiamondKing504 moved too quickly! -10.186319311072566,0.0,-2.279925479050007
[21:35:00] [Server thread/WARN]: DiamondKing504 moved too quickly! -9.20222315025967,0.0,-5.2737672031214515
[21:35:17] [Server thread/WARN]: Can't keep up! Did the system time change, or is the server overloaded? Running 2099ms behind, skipping 41 tick(s)
[21:37:32] [Server thread/WARN]: Creepini moved too quickly! 9.717096931196807,1.2491870787446828,2.908869847506139
[21:37:32] [Server thread/WARN]: radflag622 moved too quickly! 9.708340723247943,0.0,2.680714453847031
[21:38:17] [Server thread/WARN]: Can't keep up! Did the system time change, or is the server overloaded? Running 2077ms behind, skipping 41 tick(s)
[21:38:17] [Server thread/INFO]: Creepini has just earned the achievement [Sticky Situation]
[21:39:47] [Server thread/WARN]: Can't keep up! Did the system time change, or is the server overloaded? Running 2457ms behind, skipping 49 tick(s)
[21:39:47] [Server thread/WARN]: radflag622 moved too quickly! 9.579900555572067,0.0,3.5661712220930895
[21:40:33] [Server thread/WARN]: Can't keep up! Did the system time change, or is the server overloaded? Running 2424ms behind, skipping 48 tick(s)
[21:40:33] [Server thread/WARN]: TheGameIsAfoot moved too quickly! 10.000458499209458,-1.1767592750642422,-0.28062820695640767
[21:41:18] [Server thread/WARN]: Can't keep up! Did the system time change, or is the server overloaded? Running 2239ms behind, skipping 44 tick(s)
[21:41:18] [Server thread/WARN]: TheGameIsAfoot moved too quickly! -10.24439866547607,0.7539862017387549,0.881295903361206
[21:41:18] [Server thread/WARN]: DiamondKing504 moved too quickly! 6.720747831786525,-7.195673274437937,-2.1207974399308114
[21:41:18] [Server thread/WARN]: radflag622 moved too quickly! 4.6841046208026,0.0,9.035065114700501
[21:42:05] [Server thread/WARN]: Can't keep up! Did the system time change, or is the server overloaded? Running 3507ms behind, skipping 70 tick(s)
[21:42:05] [Server thread/WARN]: davidahs592 moved too quickly! -10.20589883070437,0.0,-0.47039691743066214
[21:42:10] [User Authenticator #10/INFO]: UUID of player AgentBAJ is 4ae649ce-98d1-4938-9922-a019dd29af2d
[21:42:11] [Server thread/INFO]: AgentBAJ[/108.232.89.145:58753] logged in with entity id 183170 at (692.2051484312032, 56.0, 3202.3704705730215)
[21:42:11] [Server thread/INFO]: AgentBAJ joined the game
[21:42:28] [Server thread/INFO]: AgentBAJ suffocated in a wall
[21:42:41] [Server thread/INFO]: AgentBAJ lost connection: TranslatableComponent{key='disconnect.timeout', args=[], siblings=[], style=Style{hasParent=false, color=null, bold=null, italic=null, underlined=null, obfuscated=null, clickEvent=null, hoverEvent=null, insertion=null}}
[21:42:41] [Server thread/INFO]: AgentBAJ left the game
[21:42:49] [Server thread/WARN]: DiamondKing504 moved too quickly! -6.443098426806728,4.899268441120725,-7.047143075293661
[21:43:35] [Server thread/WARN]: Can't keep up! Did the system time change, or is the server overloaded? Running 2036ms behind, skipping 40 tick(s)
[21:43:35] [Server thread/WARN]: DiamondKing504 moved too quickly! -10.60464005057463,0.0,-1.4227158016465182
[21:43:35] [Server thread/WARN]: Creepini moved too quickly! 9.907633123640153,-0.5515530763725423,3.0464964630536997
[21:43:40] [Server thread/WARN]: DiamondKing504 moved too quickly! -9.043929976477784,0.0,5.976225559935756
[21:44:07] [Server thread/WARN]: Tried to over-fill a container
[21:44:20] [Server thread/WARN]: Can't keep up! Did the system time change, or is the server overloaded? Running 2157ms behind, skipping 43 tick(s)
[21:44:20] [Server thread/WARN]: DiamondKing504 moved too quickly! 1.435921947047973,6.0000002384175986,8.154835084012575
[21:44:20] [Server thread/WARN]: radflag622 moved too quickly! 10.00761604185709,0.0,-0.4215572933189833
[21:44:20] [Server thread/INFO]: TheGameIsAfoot has just earned the achievement [Sky of Beginning]
[21:44:33] [Server thread/WARN]: Creepini moved wrongly!
[21:44:58] [Server thread/INFO]: onContentStop lost connection: TextComponent{text='Disconnected', siblings=[], style=Style{hasParent=false, color=null, bold=null, italic=null, underlined=null, obfuscated=null, clickEvent=null, hoverEvent=null, insertion=null}}
[21:44:58] [Server thread/INFO]: onContentStop left the game
[21:45:01] [Server thread/WARN]: Can't keep up! Did the system time change, or is the server overloaded? Running 2086ms behind, skipping 41 tick(s)
[21:46:00] [Server thread/INFO]: TheGameIsAfoot lost connection: TextComponent{text='Disconnected', siblings=[], style=Style{hasParent=false, color=null, bold=null, italic=null, underlined=null, obfuscated=null, clickEvent=null, hoverEvent=null, insertion=null}}
[21:46:00] [Server thread/INFO]: TheGameIsAfoot left the game
[21:47:44] [User Authenticator #11/INFO]: UUID of player AgentBAJ is 4ae649ce-98d1-4938-9922-a019dd29af2d
[21:47:45] [Server thread/INFO]: AgentBAJ[/108.232.89.145:58837] logged in with entity id 198723 at (692.2051484312032, 56.0, 3202.3704705730215)
[21:47:45] [Server thread/INFO]: AgentBAJ joined the game
[21:48:49] [Server thread/INFO]: DiamondKing504 lost connection: TextComponent{text='Disconnected', siblings=[], style=Style{hasParent=false, color=null, bold=null, italic=null, underlined=null, obfuscated=null, clickEvent=null, hoverEvent=null, insertion=null}}
[21:48:49] [Server thread/INFO]: DiamondKing504 left the game
[21:51:04] [Server thread/WARN]: Creepini moved too quickly! -0.14777630500645955,-4.696261453430836,9.03294792501265
[21:54:00] [Server thread/INFO]: Creepini has just earned the achievement [Transfer Nodes]
[21:54:47] [User Authenticator #12/INFO]: UUID of player onContentStop is a5a02fa8-538d-4d71-ab71-f8d847398cd8
[21:54:49] [Server thread/INFO]: onContentStop[/192.168.0.1:57331] logged in with entity id 227060 at (770.6420772173939, 33.0, 3168.545159247382)
[21:54:49] [Server thread/INFO]: onContentStop joined the game
[21:55:49] [Server thread/WARN]: onContentStop moved wrongly!
[21:55:50] [Server thread/WARN]: onContentStop moved too quickly! 10.01070571968637,-6.875,12.294486254992535
[21:55:59] [Server thread/WARN]: Creepini moved wrongly!
[22:03:47] [Server thread/INFO]: davidahs592 has just earned the achievement [Tech-Tree Start]
[22:08:30] [Server thread/INFO]: radflag622 has just earned the achievement [Sniper Duel]
[22:08:57] [Server thread/INFO]: <Creepini> now producing over 1000 rf
[22:08:58] [Server thread/WARN]: Creepini moved wrongly!
[22:08:59] [Server thread/INFO]: <Creepini> :D
[22:16:04] [Server thread/INFO]: <Creepini> how do you make the thermal things go faster? Do you just addd a second speed augment?
[22:16:16] [Server thread/INFO]: <onContentStop> yes
[22:16:19] [Server thread/INFO]: <Creepini> ok
[22:16:22] [Server thread/INFO]: <onContentStop> add as many as you like
[22:19:34] [Server thread/WARN]: AgentBAJ moved wrongly!
[22:20:19] [Server thread/WARN]: radflag622 moved too quickly! -0.34818482947559914,-4.484268598564626,-12.621684194820773
[22:22:17] [Server thread/INFO]: onContentStop lost connection: TextComponent{text='Disconnected', siblings=[], style=Style{hasParent=false, color=null, bold=null, italic=null, underlined=null, obfuscated=null, clickEvent=null, hoverEvent=null, insertion=null}}
[22:22:17] [Server thread/INFO]: onContentStop left the game
[22:22:34] [Server thread/WARN]: radflag622 moved too quickly! 7.7987772663569785,3.2234745399682225,-5.580570732705837
[22:25:14] [Server thread/WARN]: radflag622 moved wrongly!
[22:25:34] [Server thread/WARN]: radflag622 moved too quickly! 10.183615855840344,-0.23596334989872503,2.2515026743008093
[22:27:17] [Server thread/INFO]: AgentBAJ lost connection: TextComponent{text='Disconnected', siblings=[], style=Style{hasParent=false, color=null, bold=null, italic=null, underlined=null, obfuscated=null, clickEvent=null, hoverEvent=null, insertion=null}}
[22:27:17] [Server thread/INFO]: AgentBAJ left the game
[22:28:58] [Server thread/INFO]: Creepini has just earned the achievement [Energy Flow]
[22:31:29] [Server thread/INFO]: <Creepini> Hey
[22:31:30] [Server thread/INFO]: [Server] server is going down for up to 15 minutes. will be up overnight
[22:31:35] [Server thread/INFO]: <Creepini> okay
[22:31:35] [Server thread/INFO]: Saving...
[22:31:36] [Server thread/INFO]: Saved the world
[22:31:37] [Server thread/INFO]: Stopping the server
[22:31:37] [Server thread/INFO]: Stopping server
[22:31:37] [Server thread/INFO]: Saving players
[22:31:37] [Server thread/INFO]: Saving worlds
[22:31:37] [Server thread/INFO]: Saving chunks for level 'world'/Overworld
[22:31:37] [Server thread/INFO]: Saving chunks for level 'world'/Nether
[22:31:37] [Server thread/INFO]: Saving chunks for level 'world'/The End
[22:31:38] [Server thread/INFO]: Saving chunks for level 'world'/Deep Dark
[22:31:38] [Server thread/INFO]: Saving chunks for level 'world'/ExtraUtils2_Quarry_Dim
[22:31:38] [Server thread/INFO]: Saving chunks for level 'world'/simplevoidworld
[22:31:39] [Server Shutdown Thread/INFO]: Stopping server
