[10:44:00] [Server thread/INFO]: Starting minecraft server version 1.10.2
[10:44:59] [Server thread/INFO]: Loading properties
[10:44:59] [Server thread/INFO]: Default game type: SURVIVAL
[10:44:59] [Server thread/INFO]: Generating keypair
[10:44:59] [Server thread/INFO]: Starting Minecraft server on *:7878
[10:44:59] [Server thread/INFO]: Using default channel type
[10:45:16] [Server thread/INFO]: Preparing level "world"
[10:45:16] [Server thread/WARN]: Couldn't find resource table railcraft:chests/village_workshop
[10:45:17] [Server thread/INFO]: Preparing start region for level 0
[10:45:18] [Server thread/INFO]: Preparing spawn area: 24%
[10:45:19] [Server thread/INFO]: Done (3.451s)! For help, type "help" or "?"
[10:45:21] [Server thread/INFO]: FTBLib: Server reloaded in 683ms
[10:48:08] [User Authenticator #1/INFO]: UUID of player onContentStop is a5a02fa8-538d-4d71-ab71-f8d847398cd8
[10:48:08] [Server thread/INFO]: onContentStop[/192.168.0.1:51211] logged in with entity id 208 at (709.5780685530453, 58.0, 3202.071689240027)
[10:48:08] [Server thread/INFO]: onContentStop joined the game
[10:57:12] [User Authenticator #2/INFO]: UUID of player WTRXGamer is ab42184a-18dc-4fe0-9259-c74f9a829310
[10:57:13] [Server thread/INFO]: WTRXGamer[/70.122.214.59:53078] logged in with entity id 4037 at (702.6822684345078, 59.0, 3201.4613849714165)
[10:57:13] [Server thread/INFO]: WTRXGamer joined the game
[10:57:17] [Server thread/INFO]: <onContentStop> hello
[10:57:24] [Server thread/INFO]: <WTRXGamer> sup fam
[10:59:44] [Server thread/INFO]: <onContentStop> are you making the bowls of berries?
[10:59:48] [Server thread/INFO]: <WTRXGamer> No
[10:59:50] [Server thread/INFO]: <onContentStop> you should
[10:59:53] [Server thread/INFO]: <onContentStop> since we have 3 kinds
[10:59:56] [User Authenticator #3/INFO]: UUID of player Creepini is e1cae796-a835-44ba-b79e-9a810d9cd1ea
[10:59:57] [Server thread/INFO]: Creepini[/192.168.0.1:50652] logged in with entity id 5664 at (707.2010801643996, 65.0, 552.6999999880791)
[10:59:57] [Server thread/INFO]: Creepini joined the game
[11:01:29] [Server thread/INFO]: <WTRXGamer> How do you make a crossbow bolt?
[11:05:14] [Server thread/INFO]: <WTRXGamer> Can we use 2 seared tanks?
[11:05:32] [User Authenticator #4/INFO]: UUID of player Kelloggamer is ae7dc577-061c-44fa-b3bc-33a8e80186c7
[11:05:33] [Server thread/INFO]: Kelloggamer[/108.71.182.76:54824] logged in with entity id 13882 at (-865.7885466052294, 58.0, -198.47891708849372)
[11:05:33] [Server thread/INFO]: Kelloggamer joined the game
[11:05:38] [Server thread/INFO]: <Creepini> only one will be "used", but yes. Once one is empty, it will switch to the other
[11:05:44] [Server thread/WARN]: Can't keep up! Did the system time change, or is the server overloaded? Running 2557ms behind, skipping 51 tick(s)
[11:05:44] [Server thread/WARN]: Creepini moved too quickly! -9.70528477055791,-1.0,2.5472397250634913
[11:05:50] [Server thread/INFO]: <WTRXGamer> ok
[11:05:51] [Server thread/INFO]: <onContentStop> cross bow bolyt
[11:05:57] [Server thread/INFO]: <onContentStop> thats made with an arrow shaft
[11:06:01] [Server thread/INFO]: <onContentStop> put it in a casting table
[11:06:03] [Server thread/INFO]: <Creepini> they have to be on the same level as the controller though
[11:06:04] [Server thread/INFO]: <onContentStop> and pour metal on it
[11:06:14] [Server thread/INFO]: <Kelloggamer> ho\
[11:06:15] [Server thread/INFO]: <WTRXGamer> ok
[11:06:18] [Server thread/INFO]: <Kelloggamer> hi
[11:06:25] [Server thread/INFO]: <onContentStop> sorry i wasnt reading chat
[11:06:30] [Server thread/INFO]: <WTRXGamer> It's cool.
[11:06:37] [Server thread/INFO]: <Kelloggamer> kyle
[11:06:41] [Server thread/INFO]: <onContentStop> ?
[11:06:57] [Server thread/INFO]: <Kelloggamer> if i claimed land and a creeper blows up does it destroy my land?
[11:07:00] [Server thread/INFO]: <onContentStop> yes
[11:07:06] [Server thread/INFO]: <Kelloggamer> tkk
[11:07:12] [Server thread/INFO]: <onContentStop> you have to change some settings for your team to prevent it
[11:08:18] [Server thread/INFO]: <WTRXGamer> What materials do I need for a fletching?
[11:08:23] [Server thread/INFO]: <onContentStop> feathers are the best
[11:08:29] [Server thread/INFO]: <onContentStop> 2 feathers = 1 fletching
[11:08:37] [Server thread/INFO]: <WTRXGamer> thanks
[11:09:23] [Server thread/WARN]: Creepini moved too quickly! -9.271425561557521,7.298515481629806,0.6099953294390161
[11:09:30] [Server thread/WARN]: Creepini moved too quickly! -9.71051771977261,-3.7668959477668125,1.2949803311264532
[11:13:30] [Server thread/INFO]: WTRXGamer has just earned the achievement [Tech-Tree Start]
[11:14:57] [Server thread/INFO]: WTRXGamer was shot by Skeleton
[11:15:07] [Server thread/INFO]: WTRXGamer got revenge on Skeleton
[11:22:02] [Server thread/INFO]: onContentStop has just earned the achievement [New Ore Miner]
[11:31:10] [Server thread/INFO]: <Kelloggamer> why do silverfish spawn when i break stone?
[11:31:14] [Server thread/INFO]: <onContentStop> thats not stone
[11:31:15] [Server thread/INFO]: <Kelloggamer> im not close to a fortres
[11:31:18] [Server thread/INFO]: <WTRXGamer> ...because that's not stone.
[11:31:30] [Server thread/INFO]: <Kelloggamer> it spawns randomly?
[11:31:40] [Server thread/INFO]: <onContentStop> it might
[11:31:41] [Server thread/INFO]: <onContentStop> iudk
[11:37:31] [Server thread/INFO]: Kelloggamer lost connection: TextComponent{text='Disconnected', siblings=[], style=Style{hasParent=false, color=null, bold=null, italic=null, underlined=null, obfuscated=null, clickEvent=null, hoverEvent=null, insertion=null}}
[11:37:31] [Server thread/INFO]: Kelloggamer left the game
[11:45:07] [Server thread/WARN]: Can't keep up! Did the system time change, or is the server overloaded? Running 2392ms behind, skipping 47 tick(s)
[11:45:23] [Server thread/WARN]: Creepini moved too quickly! -9.390767997422586,2.13348566798895,-2.7285495135795372
[11:45:24] [Server thread/INFO]: WTRXGamer has just earned the achievement [Unnatural]
[11:45:53] [Server thread/INFO]: <onContentStop> sure
[11:46:04] [Server thread/INFO]: onContentStop has just earned the achievement [Unnatural]
[11:46:09] [Server thread/INFO]: <WTRXGamer> thanks
[11:48:58] [Server thread/INFO]: WTRXGamer has just earned the achievement [Fluix Production]
[11:51:17] [Server thread/FATAL]: Error executing task
java.util.concurrent.ExecutionException: java.lang.NullPointerException
	at java.util.concurrent.FutureTask.report(Unknown Source) ~[?:1.8.0_121]
	at java.util.concurrent.FutureTask.get(Unknown Source) ~[?:1.8.0_121]
	at net.minecraft.util.Util.func_181617_a(SourceFile:46) [h.class:?]
	at net.minecraft.server.MinecraftServer.func_71190_q(MinecraftServer.java:668) [MinecraftServer.class:?]
	at net.minecraft.server.dedicated.DedicatedServer.func_71190_q(DedicatedServer.java:387) [ld.class:?]
	at net.minecraft.server.MinecraftServer.func_71217_p(MinecraftServer.java:613) [MinecraftServer.class:?]
	at net.minecraft.server.MinecraftServer.run(MinecraftServer.java:471) [MinecraftServer.class:?]
	at java.lang.Thread.run(Unknown Source) [?:1.8.0_121]
Caused by: java.lang.NullPointerException
	at net.minecraft.server.management.PlayerInteractionManager.func_187250_a(PlayerInteractionManager.java:386) ~[lv.class:?]
	at net.minecraft.network.NetHandlerPlayServer.func_147346_a(NetHandlerPlayServer.java:710) ~[me.class:?]
	at net.minecraft.network.play.client.CPacketPlayerTryUseItem.func_148833_a(SourceFile:32) ~[jk.class:?]
	at net.minecraft.network.play.client.CPacketPlayerTryUseItem.func_148833_a(SourceFile:9) ~[jk.class:?]
	at net.minecraft.network.PacketThreadUtil$1.run(SourceFile:13) ~[fl$1.class:?]
	at java.util.concurrent.Executors$RunnableAdapter.call(Unknown Source) ~[?:1.8.0_121]
	at java.util.concurrent.FutureTask.run(Unknown Source) ~[?:1.8.0_121]
	at net.minecraft.util.Util.func_181617_a(SourceFile:45) ~[h.class:?]
	... 5 more
[11:51:29] [Server thread/INFO]: onContentStop lost connection: TranslatableComponent{key='disconnect.genericReason', args=[Internal Exception: java.io.IOException: An existing connection was forcibly closed by the remote host], siblings=[], style=Style{hasParent=false, color=null, bold=null, italic=null, underlined=null, obfuscated=null, clickEvent=null, hoverEvent=null, insertion=null}}
[11:51:29] [Server thread/INFO]: onContentStop left the game
[11:53:20] [Server thread/INFO]: <Creepini> Wow, purple slime islands be rare. Just found one :D
[11:54:31] [User Authenticator #5/INFO]: UUID of player onContentStop is a5a02fa8-538d-4d71-ab71-f8d847398cd8
[11:54:32] [Server thread/INFO]: onContentStop[/192.168.0.1:51984] logged in with entity id 140945 at (709.3358410991741, 59.0, 3204.629612822535)
[11:54:32] [Server thread/INFO]: onContentStop joined the game
[11:57:17] [Server thread/WARN]: Can't keep up! Did the system time change, or is the server overloaded? Running 2531ms behind, skipping 50 tick(s)
[11:59:51] [Server thread/FATAL]: Error executing task
java.util.concurrent.ExecutionException: java.lang.NullPointerException
	at java.util.concurrent.FutureTask.report(Unknown Source) ~[?:1.8.0_121]
	at java.util.concurrent.FutureTask.get(Unknown Source) ~[?:1.8.0_121]
	at net.minecraft.util.Util.func_181617_a(SourceFile:46) [h.class:?]
	at net.minecraft.server.MinecraftServer.func_71190_q(MinecraftServer.java:668) [MinecraftServer.class:?]
	at net.minecraft.server.dedicated.DedicatedServer.func_71190_q(DedicatedServer.java:387) [ld.class:?]
	at net.minecraft.server.MinecraftServer.func_71217_p(MinecraftServer.java:613) [MinecraftServer.class:?]
	at net.minecraft.server.MinecraftServer.run(MinecraftServer.java:471) [MinecraftServer.class:?]
	at java.lang.Thread.run(Unknown Source) [?:1.8.0_121]
Caused by: java.lang.NullPointerException
	at net.minecraft.server.management.PlayerInteractionManager.func_187250_a(PlayerInteractionManager.java:386) ~[lv.class:?]
	at net.minecraft.network.NetHandlerPlayServer.func_147346_a(NetHandlerPlayServer.java:710) ~[me.class:?]
	at net.minecraft.network.play.client.CPacketPlayerTryUseItem.func_148833_a(SourceFile:32) ~[jk.class:?]
	at net.minecraft.network.play.client.CPacketPlayerTryUseItem.func_148833_a(SourceFile:9) ~[jk.class:?]
	at net.minecraft.network.PacketThreadUtil$1.run(SourceFile:13) ~[fl$1.class:?]
	at java.util.concurrent.Executors$RunnableAdapter.call(Unknown Source) ~[?:1.8.0_121]
	at java.util.concurrent.FutureTask.run(Unknown Source) ~[?:1.8.0_121]
	at net.minecraft.util.Util.func_181617_a(SourceFile:45) ~[h.class:?]
	... 5 more
[12:00:02] [Server thread/INFO]: onContentStop lost connection: TranslatableComponent{key='disconnect.genericReason', args=[Internal Exception: java.io.IOException: An existing connection was forcibly closed by the remote host], siblings=[], style=Style{hasParent=false, color=null, bold=null, italic=null, underlined=null, obfuscated=null, clickEvent=null, hoverEvent=null, insertion=null}}
[12:00:02] [Server thread/INFO]: onContentStop left the game
[12:01:18] [User Authenticator #6/INFO]: UUID of player Bucks2k12 is 6f02455c-53d9-405b-98c4-eec14f1be3de
[12:01:18] [Server thread/INFO]: Bucks2k12[/68.35.217.155:51513] logged in with entity id 150354 at (717.5411495289692, 67.0, 532.8399404396619)
[12:01:18] [Server thread/INFO]: Bucks2k12 joined the game
[12:01:24] [Server thread/INFO]: <WTRXGamer> Welcome!
[12:03:04] [User Authenticator #7/INFO]: UUID of player onContentStop is a5a02fa8-538d-4d71-ab71-f8d847398cd8
[12:03:05] [Server thread/INFO]: onContentStop[/192.168.0.1:52228] logged in with entity id 153125 at (709.20307911137, 59.0, 3204.475918100133)
[12:03:05] [Server thread/INFO]: onContentStop joined the game
[12:03:10] [Server thread/INFO]: Bucks2k12 lost connection: TextComponent{text='Disconnected', siblings=[], style=Style{hasParent=false, color=null, bold=null, italic=null, underlined=null, obfuscated=null, clickEvent=null, hoverEvent=null, insertion=null}}
[12:03:10] [Server thread/INFO]: Bucks2k12 left the game
[12:03:22] [User Authenticator #8/INFO]: UUID of player Bucks2k12 is 6f02455c-53d9-405b-98c4-eec14f1be3de
[12:03:24] [Server thread/INFO]: Bucks2k12[/68.35.217.155:51543] logged in with entity id 153587 at (709.7837997573614, 65.0, 537.7442475539243)
[12:03:24] [Server thread/INFO]: Bucks2k12 joined the game
[12:03:48] [Server thread/INFO]: Creepini lost connection: TextComponent{text='Disconnected', siblings=[], style=Style{hasParent=false, color=null, bold=null, italic=null, underlined=null, obfuscated=null, clickEvent=null, hoverEvent=null, insertion=null}}
[12:03:48] [Server thread/INFO]: Creepini left the game
[12:04:04] [User Authenticator #9/INFO]: UUID of player Creepini is e1cae796-a835-44ba-b79e-9a810d9cd1ea
[12:04:05] [Server thread/INFO]: Creepini[/192.168.0.1:51090] logged in with entity id 154931 at (708.6420497332464, 65.9375, 536.1244985169226)
[12:04:05] [Server thread/INFO]: Creepini joined the game
[12:18:09] [Server thread/WARN]: Can't keep up! Did the system time change, or is the server overloaded? Running 2358ms behind, skipping 47 tick(s)
[12:18:09] [Server thread/WARN]: Creepini moved too quickly! -9.660244460137363,0.5800000131130219,2.7163742288965462
[12:20:52] [Server thread/INFO]: Bucks2k12 met a frigid fate!
[12:20:57] [Server thread/INFO]: <onContentStop> get blizzed on
[12:21:06] [Server thread/INFO]: WTRXGamer tried to swim in lava
[12:21:13] [Server thread/INFO]: <Creepini> get lavad on
[12:21:14] [Server thread/INFO]: WTRXGamer tried to swim in lava
[12:21:17] [Server thread/INFO]: Bucks2k12 was shot by Skeleton
[12:21:18] [Server thread/INFO]: <onContentStop> twice???
[12:21:20] [Server thread/INFO]: <Creepini> lol
[12:22:20] [Server thread/INFO]: Bucks2k12 was shot by Skeleton
[12:22:34] [Server thread/WARN]: Bucks2k12 moved wrongly!
[12:22:40] [Server thread/INFO]: Creepini was incinerated.
[12:23:58] [Server thread/WARN]: WTRXGamer moved wrongly!
[12:29:39] [Server thread/WARN]: Creepini moved too quickly! -9.849103137616794,-0.029173251902449238,-3.0106002534956247
[12:29:51] [Server thread/WARN]: Creepini moved too quickly! 3.587789371201211,9.7759513792343,-3.696531864695203
[12:35:39] [Server thread/INFO]: Bucks2k12 has just earned the achievement [Hot Topic]
[12:35:47] [Server thread/INFO]: <Bucks2k12> furnace time bois
[12:35:54] [Server thread/INFO]: <onContentStop> OOOOO
[12:35:57] [Server thread/INFO]: <onContentStop> advanced
[12:45:15] [Server thread/INFO]: Server Backup started!
[12:45:15] [Server thread/INFO]: Turned off world auto-saving
[12:45:15] [Server thread/INFO]: Saving...
[12:45:16] [Server thread/INFO]: Saved the world
[12:45:23] [Thread-49/INFO]: Server backup done in 00:00:06! (168.6MB | 870.8MB)
[12:45:23] [Server thread/INFO]: Turned on world auto-saving
[12:47:19] [Server thread/INFO]: onContentStop has just earned the achievement [The Basics]
[12:48:37] [Server thread/WARN]: Can't keep up! Did the system time change, or is the server overloaded? Running 2345ms behind, skipping 46 tick(s)
[12:51:19] [Server thread/WARN]: Creepini moved wrongly!
[12:51:53] [Server thread/INFO]: WTRXGamer lost connection: TextComponent{text='Disconnected', siblings=[], style=Style{hasParent=false, color=null, bold=null, italic=null, underlined=null, obfuscated=null, clickEvent=null, hoverEvent=null, insertion=null}}
[12:51:53] [Server thread/INFO]: WTRXGamer left the game
[12:54:49] [Server thread/INFO]: Bucks2k12 has just earned the achievement [Sky of Beginning]
[12:56:41] [Server thread/WARN]: Can't keep up! Did the system time change, or is the server overloaded? Running 2417ms behind, skipping 48 tick(s)
[13:07:20] [Server thread/INFO]: onContentStop lost connection: TranslatableComponent{key='disconnect.genericReason', args=[Internal Exception: java.io.IOException: An existing connection was forcibly closed by the remote host], siblings=[], style=Style{hasParent=false, color=null, bold=null, italic=null, underlined=null, obfuscated=null, clickEvent=null, hoverEvent=null, insertion=null}}
[13:07:20] [Server thread/INFO]: onContentStop left the game
[13:09:11] [User Authenticator #10/INFO]: UUID of player WTRXGamer is ab42184a-18dc-4fe0-9259-c74f9a829310
[13:09:13] [Server thread/INFO]: WTRXGamer[/70.122.214.59:53880] logged in with entity id 272775 at (711.2512632311727, 58.0, 3202.4766105010867)
[13:09:13] [Server thread/INFO]: WTRXGamer joined the game
[13:09:34] [Server thread/INFO]: <WTRXGamer> Did kyle say where he was going?
[13:09:37] [Server thread/INFO]: <Creepini> uhh
[13:09:44] [Server thread/INFO]: <Creepini> i can go ask him?
[13:10:26] [Server thread/INFO]: <Creepini> he is coming back, lopl
[13:12:08] [Server thread/INFO]: Bucks2k12 lost connection: TextComponent{text='Disconnected', siblings=[], style=Style{hasParent=false, color=null, bold=null, italic=null, underlined=null, obfuscated=null, clickEvent=null, hoverEvent=null, insertion=null}}
[13:12:08] [Server thread/INFO]: Bucks2k12 left the game
[13:13:01] [Server thread/INFO]: WTRXGamer has just earned the achievement [Sticky Situation]
[13:13:01] [User Authenticator #11/INFO]: UUID of player onContentStop is a5a02fa8-538d-4d71-ab71-f8d847398cd8
[13:13:01] [Server thread/INFO]: onContentStop[/192.168.0.1:53176] logged in with entity id 280887 at (711.6221058205413, 58.0, 3203.49586937141)
[13:13:01] [Server thread/INFO]: onContentStop joined the game
[13:22:28] [User Authenticator #12/INFO]: UUID of player Kelloggamer is ae7dc577-061c-44fa-b3bc-33a8e80186c7
[13:22:30] [Server thread/INFO]: Kelloggamer[/108.71.182.76:57034] logged in with entity id 298301 at (-888.3000000119209, 35.0, -197.30372045515105)
[13:22:30] [Server thread/INFO]: Kelloggamer joined the game
[13:22:41] [Server thread/WARN]: Can't keep up! Did the system time change, or is the server overloaded? Running 2514ms behind, skipping 50 tick(s)
[13:29:33] [User Authenticator #13/INFO]: UUID of player DiamondKing504 is 509ad8ee-dd05-4ea6-bb86-5227fefa7be6
[13:29:34] [Server thread/INFO]: DiamondKing504[/69.144.148.130:63981] logged in with entity id 313664 at (704.5590833244393, 64.0, 554.6080446745918)
[13:29:34] [Server thread/INFO]: DiamondKing504 joined the game
[13:32:13] [Server thread/INFO]: DiamondKing504 has just earned the achievement [DIAMONDS!]
[13:32:22] [Server thread/INFO]: <onContentStop> just now?
[13:32:24] [Server thread/INFO]: <DiamondKing504> ye
[13:32:36] [Server thread/INFO]: <DiamondKing504> creeper blew up our storage
[13:32:39] [Server thread/INFO]: <Creepini> yeah
[13:32:42] [Server thread/INFO]: <Creepini> he grabbed one
[13:32:44] [Server thread/INFO]: <onContentStop> nice
[13:32:44] [Server thread/INFO]: <Creepini> or a lot
[13:32:52] [Server thread/INFO]: <onContentStop> you didnt disable explosions?
[13:32:52] [Server thread/INFO]: <Kelloggamer> hey
[13:32:52] [Server thread/INFO]: <onContentStop> lol
[13:32:59] [Server thread/INFO]: <Kelloggamer> i dont have any dont discriminate
[13:37:13] [Server thread/WARN]: Can't keep up! Did the system time change, or is the server overloaded? Running 2050ms behind, skipping 41 tick(s)
[13:41:19] [Server thread/INFO]: <Kelloggamer> toggle downfall pls?
[13:41:23] [Server thread/INFO]: <WTRXGamer> nope
[13:41:24] [Server thread/INFO]: <onContentStop> nope
[13:41:26] [Server thread/INFO]: <Kelloggamer> ok
[13:41:27] [Server thread/INFO]: <Creepini> lol
[13:41:28] [Server thread/INFO]: <Kelloggamer> rip
[13:41:36] [Server thread/INFO]: <onContentStop> there are blocks that do that i think
[13:41:43] [Server thread/INFO]: <Kelloggamer> im a caveman
[13:41:47] [Server thread/INFO]: <Kelloggamer> i dont have stuff
[13:42:04] [Server thread/INFO]: <Kelloggamer> so i will just get wet its ok
[13:42:12] [Server thread/INFO]: <Kelloggamer> unless there is an umbrela
[13:42:34] [Server thread/INFO]: <onContentStop> try making a weather obelisk
[13:42:45] [Server thread/INFO]: <Kelloggamer> oh
[13:42:47] [Server thread/INFO]: <Kelloggamer> rip
[13:42:52] [Server thread/INFO]: <Kelloggamer> i like 3000303058930537 years
[13:42:53] [Server thread/INFO]: <onContentStop> or sleep
[13:43:00] [Server thread/INFO]: <Kelloggamer> i lost my bed
[13:43:04] [Server thread/INFO]: <onContentStop> sleep toggles downfall
[13:43:07] [Server thread/INFO]: Kelloggamer lost connection: TextComponent{text='Disconnected', siblings=[], style=Style{hasParent=false, color=null, bold=null, italic=null, underlined=null, obfuscated=null, clickEvent=null, hoverEvent=null, insertion=null}}
[13:43:07] [Server thread/INFO]: Kelloggamer left the game
[13:43:15] [Server thread/WARN]: Creepini moved wrongly!
[13:56:23] [Server thread/INFO]: <Creepini> pickaxe for a second?
[13:56:51] [Server thread/INFO]: <Creepini> want me to take ores and stuff up?
[13:57:06] [Server thread/INFO]: <DiamondKing504> also
[13:57:09] [Server thread/INFO]: <DiamondKing504> ill brb
[13:57:10] [Server thread/INFO]: <Creepini> ok
[13:57:10] [Server thread/INFO]: DiamondKing504 lost connection: TranslatableComponent{key='disconnect.genericReason', args=[Internal Exception: java.io.IOException: An established connection was aborted by the software in your host machine], siblings=[], style=Style{hasParent=false, color=null, bold=null, italic=null, underlined=null, obfuscated=null, clickEvent=null, hoverEvent=null, insertion=null}}
[13:57:10] [Server thread/INFO]: DiamondKing504 left the game
[13:57:16] [Server thread/WARN]: onContentStop moved wrongly!
[13:57:18] [Server thread/WARN]: Can't keep up! Did the system time change, or is the server overloaded? Running 2334ms behind, skipping 46 tick(s)
[13:57:20] [Server thread/WARN]: WTRXGamer moved too quickly! 10.162020786715175,-6.875,11.963612812670817
[13:57:20] [Server thread/WARN]: onContentStop moved too quickly! 10.191020934666426,-6.875,12.080734175613088
[13:57:47] [Server thread/WARN]: Can't keep up! Did the system time change, or is the server overloaded? Running 4782ms behind, skipping 95 tick(s)
[14:02:03] [User Authenticator #14/INFO]: UUID of player DiamondKing504 is 509ad8ee-dd05-4ea6-bb86-5227fefa7be6
[14:02:04] [Server thread/INFO]: DiamondKing504[/69.144.148.130:64312] logged in with entity id 405610 at (567.1791777406985, 21.0, 606.6269844125762)
[14:02:04] [Server thread/INFO]: DiamondKing504 joined the game
[14:08:08] [Server thread/WARN]: DiamondKing504 moved too quickly! -2.9322297036356986,-0.49897035533402345,9.636213543913527
[14:11:02] [Server thread/INFO]: onContentStop has just earned the achievement [Time to Farm!]
[14:11:07] [Server thread/INFO]: <DiamondKing504> lel what
[14:11:08] [Server thread/INFO]: <onContentStop> ok
[14:11:14] [Server thread/INFO]: <onContentStop> thought i did that like a year ago
[14:16:50] [Server thread/WARN]: DiamondKing504 moved too quickly! 3.142517154177426,-1.3161774552216627,9.64994498098531
[14:16:50] [Server thread/WARN]: Can't keep up! Did the system time change, or is the server overloaded? Running 2031ms behind, skipping 40 tick(s)
[14:18:44] [Server thread/INFO]: DiamondKing504 has just earned the achievement [We Need to Go Deeper]
[14:18:45] [Server thread/WARN]: DiamondKing504 moved too quickly! -683.0972775198095,-42.0,-527.5213650311618
[14:18:54] [Server thread/WARN]: Creepini moved too quickly! -0.5595189681797592,3.524988926374249,11.300838883044548
[14:18:56] [Server thread/INFO]: <DiamondKing504> (not the first time dont worry)
[14:19:49] [Server thread/INFO]: onContentStop has just earned the achievement [Ironing Things Out]
[14:21:59] [Server thread/WARN]: Creepini moved too quickly! -682.8908871678731,-42.0,-525.6000000238419
[14:22:28] [Server thread/INFO]: DiamondKing504 has just earned the achievement [Exotic Miner!]
[14:24:52] [Server thread/WARN]: Creepini moved too quickly! -23.6437978638711,4.874917767586375,1.7395252631746416
[14:24:59] [Server thread/WARN]: Can't keep up! Did the system time change, or is the server overloaded? Running 3861ms behind, skipping 77 tick(s)
[14:25:32] [Server thread/INFO]: Creepini lost connection: TextComponent{text='Disconnected', siblings=[], style=Style{hasParent=false, color=null, bold=null, italic=null, underlined=null, obfuscated=null, clickEvent=null, hoverEvent=null, insertion=null}}
[14:25:32] [Server thread/INFO]: Creepini left the game
[14:25:35] [User Authenticator #15/INFO]: UUID of player Creepini is e1cae796-a835-44ba-b79e-9a810d9cd1ea
[14:25:36] [Server thread/INFO]: Creepini[/192.168.0.1:51807] logged in with entity id 478998 at (695.3872019611666, 64.0, 565.0237575135988)
[14:25:36] [Server thread/INFO]: Creepini joined the game
[14:26:18] [Server thread/WARN]: onContentStop moved wrongly!
[14:26:25] [Server thread/WARN]: onContentStop moved too quickly! 10.1773480091274,-6.875,12.250699955457094
[14:26:33] [Server thread/WARN]: Creepini moved too quickly! -682.9384536569529,-42.0,-526.9179232476274
[14:27:09] [Server thread/WARN]: Creepini moved too quickly! -0.37035684925396595,-2.463139555408546,-10.546387460337044
[14:27:33] [Server thread/WARN]: Creepini moved too quickly! -683.0466339669462,-42.0,-526.7624750812004
[14:28:01] [Server thread/INFO]: WTRXGamer has just earned the achievement [Fluix Energy Connection]
[14:28:26] [Server thread/INFO]: WTRXGamer has just earned the achievement [Accelerator is an understatement]
[14:29:18] [Server thread/WARN]: Can't keep up! Did the system time change, or is the server overloaded? Running 2354ms behind, skipping 47 tick(s)
[14:29:36] [Server thread/WARN]: Creepini moved too quickly! -11.336175959413083,-1.6676827016923,-1.5496002686865893
[14:31:34] [Server thread/INFO]: Creepini burned to death
[14:31:52] [Server thread/INFO]: Creepini lost connection: TextComponent{text='Disconnected', siblings=[], style=Style{hasParent=false, color=null, bold=null, italic=null, underlined=null, obfuscated=null, clickEvent=null, hoverEvent=null, insertion=null}}
[14:31:52] [Server thread/INFO]: Creepini left the game
[14:32:01] [Server thread/INFO]: <DiamondKing504> rage
[14:32:04] [Server thread/INFO]: <DiamondKing504> RIP
[14:33:58] [Server thread/INFO]: WTRXGamer has just earned the achievement [Hot Topic]
[14:34:03] [Server thread/INFO]: <DiamondKing504> GG
[14:37:06] [Server thread/INFO]: onContentStop has just earned the achievement [Knowledge Bringer!]
[14:39:42] [User Authenticator #16/INFO]: UUID of player Creepini is e1cae796-a835-44ba-b79e-9a810d9cd1ea
[14:39:43] [Server thread/INFO]: Creepini[/192.168.0.1:51998] logged in with entity id 497095 at (715.429069407356, 67.0, 531.2903520484904)
[14:39:43] [Server thread/INFO]: Creepini joined the game
[14:40:33] [Server thread/WARN]: Creepini moved too quickly! -683.2488565635823,-42.0,-526.5184027251275
[14:41:45] [Server thread/WARN]: Can't keep up! Did the system time change, or is the server overloaded? Running 2238ms behind, skipping 44 tick(s)
[14:42:04] [Server thread/WARN]: Creepini moved too quickly! -683.1001195961728,-42.0,-527.0252415112438
[14:45:15] [Server thread/INFO]: Server Backup started!
[14:45:15] [Server thread/INFO]: Turned off world auto-saving
[14:45:15] [Server thread/INFO]: Saving...
[14:45:16] [Server thread/INFO]: Saved the world
[14:45:23] [Thread-74/INFO]: Server backup done in 00:00:07! (188.8MB | 1.0GB)
[14:45:23] [Server thread/INFO]: Turned on world auto-saving
[14:46:03] [Server thread/INFO]: DiamondKing504 has just earned the achievement [Into Fire]
[14:47:24] [Server thread/INFO]: Creepini has just earned the achievement [Into Fire]
[14:52:45] [Server thread/INFO]: onContentStop lost connection: TextComponent{text='Disconnected', siblings=[], style=Style{hasParent=false, color=null, bold=null, italic=null, underlined=null, obfuscated=null, clickEvent=null, hoverEvent=null, insertion=null}}
[14:52:45] [Server thread/INFO]: onContentStop left the game
[14:53:16] [Server thread/WARN]: Can't keep up! Did the system time change, or is the server overloaded? Running 2088ms behind, skipping 41 tick(s)
[14:53:22] [Server thread/INFO]: WTRXGamer has just earned the achievement [Better Than Chests]
[14:53:46] [Server thread/WARN]: Can't keep up! Did the system time change, or is the server overloaded? Running 2134ms behind, skipping 42 tick(s)
[14:53:46] [Server thread/WARN]: Creepini moved too quickly! -2.205734373016071,-5.923221990302821,8.427388855465324
[14:53:48] [Server thread/WARN]: Creepini moved too quickly! -4.283153572125002,3.4718576551084226,8.56263382076554
[14:54:01] [Server thread/WARN]: Can't keep up! Did the system time change, or is the server overloaded? Running 2363ms behind, skipping 47 tick(s)
[14:54:32] [Server thread/WARN]: Creepini moved too quickly! 0.8972038508683227,9.245918949516238,7.036875429231259
[14:54:40] [Server thread/WARN]: Creepini moved too quickly! 0.8302220305647552,-8.413106124935041,7.976300577147413
[14:56:47] [Server thread/WARN]: DiamondKing504 moved too quickly! -5.033460992040091,-9.202907869620446,0.9534889018908643
[15:00:41] [Server thread/INFO]: Creepini lost connection: TextComponent{text='Disconnected', siblings=[], style=Style{hasParent=false, color=null, bold=null, italic=null, underlined=null, obfuscated=null, clickEvent=null, hoverEvent=null, insertion=null}}
[15:00:41] [Server thread/INFO]: Creepini left the game
[15:00:51] [User Authenticator #17/INFO]: UUID of player Creepini is e1cae796-a835-44ba-b79e-9a810d9cd1ea
[15:00:52] [Server thread/INFO]: Creepini[/192.168.0.1:52063] logged in with entity id 533687 at (747.4417344902112, 62.07326432466507, 2588.6885453840955)
[15:00:52] [Server thread/INFO]: Creepini joined the game
[15:00:59] [Server thread/INFO]: WTRXGamer lost connection: TextComponent{text='Disconnected', siblings=[], style=Style{hasParent=false, color=null, bold=null, italic=null, underlined=null, obfuscated=null, clickEvent=null, hoverEvent=null, insertion=null}}
[15:00:59] [Server thread/INFO]: WTRXGamer left the game
[15:01:02] [Server thread/WARN]: Can't keep up! Did the system time change, or is the server overloaded? Running 2478ms behind, skipping 49 tick(s)
[15:01:08] [User Authenticator #18/INFO]: UUID of player WTRXGamer is ab42184a-18dc-4fe0-9259-c74f9a829310
[15:01:09] [Server thread/INFO]: WTRXGamer[/70.122.214.59:54536] logged in with entity id 535796 at (140.19665036949934, 48.0, 325.92949212166207)
[15:01:09] [Server thread/INFO]: WTRXGamer joined the game
[15:01:14] [Server thread/WARN]: DiamondKing504 moved wrongly!
[15:01:14] [Server thread/INFO]: Creepini lost connection: TextComponent{text='Disconnected', siblings=[], style=Style{hasParent=false, color=null, bold=null, italic=null, underlined=null, obfuscated=null, clickEvent=null, hoverEvent=null, insertion=null}}
[15:01:14] [Server thread/INFO]: Creepini left the game
[15:03:26] [Server thread/INFO]: DiamondKing504 lost connection: TranslatableComponent{key='disconnect.genericReason', args=[Internal Exception: java.io.IOException: An existing connection was forcibly closed by the remote host], siblings=[], style=Style{hasParent=false, color=null, bold=null, italic=null, underlined=null, obfuscated=null, clickEvent=null, hoverEvent=null, insertion=null}}
[15:03:26] [Server thread/INFO]: DiamondKing504 left the game
[15:09:17] [User Authenticator #19/INFO]: UUID of player Kelloggamer is ae7dc577-061c-44fa-b3bc-33a8e80186c7
[15:09:20] [Server thread/INFO]: Kelloggamer[/108.71.182.76:57548] logged in with entity id 540849 at (-815.8940124712301, 64.0, -173.56425707825886)
[15:09:20] [Server thread/INFO]: Kelloggamer joined the game
[15:25:20] [Server thread/INFO]: Kelloggamer has just earned the achievement [Tech-Tree Start]
[15:27:20] [Server thread/INFO]: Kelloggamer has just earned the achievement [DIAMONDS!]
[15:43:48] [Server thread/FATAL]: Error executing task
java.util.concurrent.ExecutionException: java.lang.NullPointerException
	at java.util.concurrent.FutureTask.report(Unknown Source) ~[?:1.8.0_121]
	at java.util.concurrent.FutureTask.get(Unknown Source) ~[?:1.8.0_121]
	at net.minecraft.util.Util.func_181617_a(SourceFile:46) [h.class:?]
	at net.minecraft.server.MinecraftServer.func_71190_q(MinecraftServer.java:668) [MinecraftServer.class:?]
	at net.minecraft.server.dedicated.DedicatedServer.func_71190_q(DedicatedServer.java:387) [ld.class:?]
	at net.minecraft.server.MinecraftServer.func_71217_p(MinecraftServer.java:613) [MinecraftServer.class:?]
	at net.minecraft.server.MinecraftServer.run(MinecraftServer.java:471) [MinecraftServer.class:?]
	at java.lang.Thread.run(Unknown Source) [?:1.8.0_121]
Caused by: java.lang.NullPointerException
	at net.minecraft.server.management.PlayerInteractionManager.func_187250_a(PlayerInteractionManager.java:386) ~[lv.class:?]
	at net.minecraft.network.NetHandlerPlayServer.func_147346_a(NetHandlerPlayServer.java:710) ~[me.class:?]
	at net.minecraft.network.play.client.CPacketPlayerTryUseItem.func_148833_a(SourceFile:32) ~[jk.class:?]
	at net.minecraft.network.play.client.CPacketPlayerTryUseItem.func_148833_a(SourceFile:9) ~[jk.class:?]
	at net.minecraft.network.PacketThreadUtil$1.run(SourceFile:13) ~[fl$1.class:?]
	at java.util.concurrent.Executors$RunnableAdapter.call(Unknown Source) ~[?:1.8.0_121]
	at java.util.concurrent.FutureTask.run(Unknown Source) ~[?:1.8.0_121]
	at net.minecraft.util.Util.func_181617_a(SourceFile:45) ~[h.class:?]
	... 5 more
[15:44:01] [Server thread/INFO]: WTRXGamer lost connection: TranslatableComponent{key='disconnect.genericReason', args=[Internal Exception: java.io.IOException: An existing connection was forcibly closed by the remote host], siblings=[], style=Style{hasParent=false, color=null, bold=null, italic=null, underlined=null, obfuscated=null, clickEvent=null, hoverEvent=null, insertion=null}}
[15:44:01] [Server thread/INFO]: WTRXGamer left the game
[15:47:02] [User Authenticator #20/INFO]: UUID of player WTRXGamer is ab42184a-18dc-4fe0-9259-c74f9a829310
[15:47:03] [Server thread/INFO]: WTRXGamer[/70.122.214.59:54982] logged in with entity id 596919 at (710.0966863678788, 58.0, 3205.2639338996)
[15:47:03] [Server thread/INFO]: WTRXGamer joined the game
[15:47:38] [Server thread/INFO]: <Kelloggamer> be
[15:47:40] [Server thread/INFO]: <Kelloggamer> wb
[16:10:35] [Server thread/INFO]: WTRXGamer has just earned the achievement [A (Much) Bigger Table]
[16:13:23] [Server thread/INFO]: WTRXGamer has just earned the achievement [Crafting Maestro]
[16:29:05] [Server thread/INFO]: WTRXGamer lost connection: TranslatableComponent{key='disconnect.genericReason', args=[Internal Exception: java.io.IOException: An existing connection was forcibly closed by the remote host], siblings=[], style=Style{hasParent=false, color=null, bold=null, italic=null, underlined=null, obfuscated=null, clickEvent=null, hoverEvent=null, insertion=null}}
[16:29:05] [Server thread/INFO]: WTRXGamer left the game
[16:34:25] [User Authenticator #21/INFO]: UUID of player WTRXGamer is ab42184a-18dc-4fe0-9259-c74f9a829310
[16:34:26] [Server thread/INFO]: WTRXGamer[/70.122.214.59:55378] logged in with entity id 665022 at (703.2084142835049, 59.0, 3202.9936530095965)
[16:34:26] [Server thread/INFO]: WTRXGamer joined the game
[16:35:17] [Server thread/INFO]: Kelloggamer lost connection: TextComponent{text='You have been idle for too long!', siblings=[], style=Style{hasParent=false, color=null, bold=null, italic=null, underlined=null, obfuscated=null, clickEvent=null, hoverEvent=null, insertion=null}}
[16:35:17] [Server thread/INFO]: Kelloggamer left the game
[16:45:15] [Server thread/INFO]: Server Backup started!
[16:45:15] [Server thread/INFO]: Turned off world auto-saving
[16:45:15] [Server thread/INFO]: Saving...
[16:45:16] [Server thread/INFO]: Saved the world
[16:45:22] [Thread-99/INFO]: Server backup done in 00:00:06! (200.5MB | 1.2GB)
[16:45:22] [Server thread/INFO]: Turned on world auto-saving
[16:51:51] [Server thread/INFO]: com.mojang.authlib.GameProfile@5c4ca17e[id=<null>,name=Kelloggamer,properties={},legacy=false] (/108.71.182.76:57686) lost connection: Disconnected
[16:52:48] [User Authenticator #22/INFO]: UUID of player Kelloggamer is ae7dc577-061c-44fa-b3bc-33a8e80186c7
[16:52:49] [Server thread/INFO]: Kelloggamer[/108.71.182.76:57710] logged in with entity id 693123 at (-814.7633513236651, 64.0, -176.89009803641673)
[16:52:49] [Server thread/INFO]: Kelloggamer joined the game
[16:53:02] [Server thread/INFO]: <Kelloggamer> hey
[16:53:06] [Server thread/INFO]: <WTRXGamer> hey
[16:53:16] [Server thread/INFO]: <Kelloggamer> what are you up to?
[16:53:22] [Server thread/INFO]: <WTRXGamer> Building stuff.
[16:53:26] [Server thread/INFO]: <Kelloggamer> nice
[16:53:31] [User Authenticator #23/INFO]: UUID of player Creepini is e1cae796-a835-44ba-b79e-9a810d9cd1ea
[16:53:32] [Server thread/INFO]: Creepini[/192.168.0.1:52957] logged in with entity id 694380 at (747.4417344902112, 62.07326432466507, 2588.6885453840955)
[16:53:32] [Server thread/INFO]: Creepini joined the game
[16:53:34] [Server thread/INFO]: <Kelloggamer> hey
[16:53:53] [Server thread/INFO]: <Creepini> hey
[16:55:33] [Server thread/WARN]: Creepini moved wrongly!
[16:59:08] [Server thread/INFO]: Creepini lost connection: TextComponent{text='Disconnected', siblings=[], style=Style{hasParent=false, color=null, bold=null, italic=null, underlined=null, obfuscated=null, clickEvent=null, hoverEvent=null, insertion=null}}
[16:59:08] [Server thread/INFO]: Creepini left the game
[16:59:31] [User Authenticator #24/INFO]: UUID of player Creepini is e1cae796-a835-44ba-b79e-9a810d9cd1ea
[16:59:32] [Server thread/INFO]: Creepini[/192.168.0.1:53034] logged in with entity id 706406 at (715.6456129019123, 67.0, 532.3084287450713)
[16:59:32] [Server thread/INFO]: Creepini joined the game
[17:02:01] [Server thread/INFO]: [Creepini: Set own game mode to Creative Mode]
[17:02:35] [Server thread/INFO]: [Creepini: Set own game mode to Survival Mode]
[17:02:48] [Server thread/INFO]: Creepini lost connection: TextComponent{text='Disconnected', siblings=[], style=Style{hasParent=false, color=null, bold=null, italic=null, underlined=null, obfuscated=null, clickEvent=null, hoverEvent=null, insertion=null}}
[17:02:48] [Server thread/INFO]: Creepini left the game
[17:02:58] [User Authenticator #25/INFO]: UUID of player Creepini is e1cae796-a835-44ba-b79e-9a810d9cd1ea
[17:02:59] [Server thread/INFO]: Creepini[/192.168.0.1:53049] logged in with entity id 715533 at (709.7008218872984, 65.89701321591167, 538.4287047718688)
[17:02:59] [Server thread/INFO]: Creepini joined the game
[17:09:01] [Server thread/INFO]: <WTRXGamer> Where are ya'll? XD
[17:09:06] [Server thread/INFO]: <Kelloggamer> y
[17:09:06] [Server thread/INFO]: <Creepini> ?
[17:09:19] [Server thread/INFO]: <WTRXGamer> How far out did ya'll go?
[17:09:21] [Server thread/INFO]: <Creepini> far
[17:09:22] [Server thread/INFO]: <Creepini> :D
[17:09:24] [Server thread/INFO]: <Kelloggamer> im close to spawn
[17:09:32] [Server thread/INFO]: <Creepini> Im around 1500 blocks from it
[17:09:33] [Server thread/INFO]: <Kelloggamer> i didnt know where anyone was
[17:09:34] [Server thread/INFO]: <Creepini> I thuink
[17:09:35] [Server thread/INFO]: <Creepini> idk
[17:11:02] [Server thread/WARN]: WTRXGamer moved too quickly! 0.37885530149414137,-9.872956083824818,-3.054591290385247
[17:11:13] [Server thread/INFO]: <WTRXGamer> Did you build above ground?
[17:11:17] [Server thread/INFO]: <Kelloggamer> yes
[17:11:19] [Server thread/INFO]: <Kelloggamer> why
[17:11:25] [Server thread/INFO]: <Creepini> you looking for us? xD
[17:11:26] [Server thread/INFO]: <WTRXGamer> Just curious.
[17:11:33] [Server thread/INFO]: <Creepini> ah
[17:11:33] [Server thread/INFO]: <Kelloggamer> my house looks mean
[17:11:34] [Server thread/INFO]: <Creepini> :D
[17:11:36] [Server thread/INFO]: <WTRXGamer> We build above too
[17:11:36] [Server thread/INFO]: <Creepini> noice
[17:11:38] [Server thread/INFO]: <Kelloggamer> you wont know what it is
[17:11:51] [Server thread/INFO]: <Creepini> I mean, who wasn to clear out a MASSIVE area underground :P
[17:12:01] [Server thread/INFO]: <Creepini> our house itself is like 100 blocks wide
[17:12:05] [Server thread/INFO]: <Creepini> ;)
[17:13:24] [Server thread/WARN]: Creepini moved too quickly! -682.9678335539649,-42.0,-526.6051756323868
[17:13:33] [Server thread/WARN]: WTRXGamer moved too quickly! 5.094803641462903,-8.378101775489824,-2.081209977095824
[17:13:42] [Server thread/WARN]: Kelloggamer moved wrongly!
[17:15:05] [Server thread/WARN]: WTRXGamer moved too quickly! -593.6809565192372,-8.0,-2805.8600263127128
[17:16:29] [Server thread/WARN]: WTRXGamer moved wrongly!
[17:16:29] [Server thread/WARN]: WTRXGamer moved too quickly! 10.018613191994064,-6.875,11.800000011920929
[17:16:36] [Server thread/WARN]: Can't keep up! Did the system time change, or is the server overloaded? Running 3003ms behind, skipping 60 tick(s)
[17:17:04] [Server thread/WARN]: Creepini moved too quickly! -683.4996377277536,-42.0,-527.5149076512944
[17:17:17] [Server thread/WARN]: WTRXGamer moved too quickly! 7.218738360780549,0.7994920206394767,7.181383334441762
[17:17:17] [Server thread/WARN]: Can't keep up! Did the system time change, or is the server overloaded? Running 3068ms behind, skipping 61 tick(s)
[17:18:38] [Server thread/WARN]: Creepini moved too quickly! -9.781961543162112,-4.299449308600273,-1.8730668505434522
[17:19:28] [Server thread/WARN]: Creepini moved too quickly! -19.094454527539142,3.628010381106691,-1.375375482023287
[17:19:40] [Server thread/WARN]: Creepini moved wrongly!
[17:23:33] [Server thread/WARN]: WTRXGamer moved too quickly! -203.8257895532621,-48.0,-396.0
[17:25:50] [Server thread/WARN]: Creepini moved wrongly!
[17:26:06] [User Authenticator #26/INFO]: UUID of player DiamondKing504 is 509ad8ee-dd05-4ea6-bb86-5227fefa7be6
[17:26:07] [Server thread/INFO]: DiamondKing504[/69.144.148.130:49353] logged in with entity id 813450 at (712.5, 67.0, 533.5)
[17:26:07] [Server thread/INFO]: DiamondKing504 joined the game
[17:26:31] [Server thread/WARN]: WTRXGamer moved too quickly! -204.19999998807907,-48.0,-396.0
[17:27:12] [Server thread/INFO]: DiamondKing504 lost connection: TranslatableComponent{key='disconnect.genericReason', args=[Internal Exception: java.io.IOException: An existing connection was forcibly closed by the remote host], siblings=[], style=Style{hasParent=false, color=null, bold=null, italic=null, underlined=null, obfuscated=null, clickEvent=null, hoverEvent=null, insertion=null}}
[17:27:12] [Server thread/INFO]: DiamondKing504 left the game
[17:28:22] [User Authenticator #27/INFO]: UUID of player radflag622 is 7d9670e6-bc2f-4943-a6ee-410af51e9cc3
[17:28:23] [Server thread/INFO]: radflag622[/208.102.195.29:53459] logged in with entity id 819026 at (709.1816535331977, 63.9375, 557.6695643025892)
[17:28:23] [Server thread/INFO]: radflag622 joined the game
[17:28:36] [Server thread/WARN]: Creepini moved too quickly! 0.0,-10.72224866798749,0.0
[17:29:16] [Server thread/INFO]: Kelloggamer has just earned the achievement [We Need to Go Deeper]
[17:29:17] [Server thread/WARN]: Kelloggamer moved too quickly! 799.0827282534759,21.0,54.780791874127246
[17:29:17] [Server thread/WARN]: Creepini moved too quickly! 798.2084244544791,21.0,55.84278489212761
[17:30:44] [User Authenticator #28/INFO]: UUID of player DiamondKing504 is 509ad8ee-dd05-4ea6-bb86-5227fefa7be6
[17:30:45] [Server thread/INFO]: DiamondKing504[/69.144.148.130:49496] logged in with entity id 823775 at (709.6999999880791, 65.9375, 526.875317625124)
[17:30:45] [Server thread/INFO]: DiamondKing504 joined the game
[17:30:48] [Server thread/WARN]: Creepini moved too quickly! 683.2333245498405,42.0,526.0422152818976
[17:31:00] [Server thread/WARN]: Can't keep up! Did the system time change, or is the server overloaded? Running 2122ms behind, skipping 42 tick(s)
[17:32:24] [Server thread/WARN]: Kelloggamer moved too quickly! -350.5873081581057,10.0,-159.0
[17:32:38] [Server thread/WARN]: Kelloggamer moved too quickly! 351.14870471479657,-10.0,159.0
[17:33:01] [Server thread/WARN]: Creepini moved too quickly! -683.0271141757888,-42.0,-526.838106677729
[17:33:01] [Server thread/WARN]: Kelloggamer moved wrongly!
[17:33:38] [Server thread/INFO]: [Creepini: Teleported Creepini to Kelloggamer]
[17:34:22] [Server thread/INFO]: [Creepini: Teleported Kelloggamer to Creepini]
[17:35:03] [User Authenticator #29/INFO]: UUID of player CaptainSparcler is 098d58dd-1ccc-4ad0-9183-662bd64f0f16
[17:35:03] [Server thread/INFO]: CaptainSparcler[/107.200.4.229:57298] logged in with entity id 837442 at (706.2651153622749, 63.9375, 563.9015012005154)
[17:35:03] [Server thread/INFO]: CaptainSparcler joined the game
[17:35:15] [Server thread/INFO]: <WTRXGamer> Where are ya'll? :P
[17:35:22] [Server thread/INFO]: <Kelloggamer> ded
[17:36:36] [Server thread/INFO]: <Creepini> PLANE
[17:36:42] [Server thread/INFO]: <WTRXGamer> ?
[17:36:43] [Server thread/INFO]: <Creepini> out of glass
[17:36:45] [Server thread/INFO]: <Creepini> idk
[17:40:23] [Server thread/INFO]: <DiamondKing504> Hey, why is my WAILA disabled?
[17:40:24] [Server thread/INFO]: <DiamondKing504> It'
[17:40:29] [Server thread/INFO]: <DiamondKing504> s only me
[17:40:54] [Server thread/INFO]: <DiamondKing504> well, not really WAILA, but the mod that is similar
[17:46:17] [Server thread/INFO]: <Kelloggamer> z
[17:46:18] [Server thread/INFO]: <Kelloggamer> z
[17:46:18] [Server thread/INFO]: <Kelloggamer> z
[17:46:18] [Server thread/INFO]: <Kelloggamer> z
[17:46:18] [Server thread/INFO]: <Kelloggamer> z
[17:46:18] [Server thread/INFO]: <Kelloggamer> z
[17:46:19] [Server thread/INFO]: <Kelloggamer> z
[17:46:19] [Server thread/INFO]: <Kelloggamer> z
[17:47:12] [Server thread/WARN]: WTRXGamer moved wrongly!
[17:47:12] [Server thread/WARN]: Kelloggamer moved wrongly!
[17:47:47] [Server thread/INFO]: <WTRXGamer> Hey, does anyone want to trade me for coal?
[17:47:56] [Server thread/INFO]: <Kelloggamer> yes
[17:48:02] [Server thread/INFO]: <Kelloggamer> i get you as my slave for coal
[17:48:02] [Server thread/INFO]: <WTRXGamer> What do you want for the coal?
[17:48:19] [Server thread/INFO]: <Kelloggamer> <3
[17:48:21] [Server thread/INFO]: <WTRXGamer> Urm, how about I just pay in iron or something.
[17:48:31] [Server thread/INFO]: <Kelloggamer> lol idk
[17:48:34] [Server thread/INFO]: <WTRXGamer> I can be a slave for a bit if you want.
[17:48:38] [Server thread/INFO]: <Kelloggamer> im not the leader im just a slave
[17:48:45] [Server thread/INFO]: <Creepini> lol
[17:48:48] [Server thread/INFO]: CaptainSparcler has just earned the achievement [The Basics]
[17:49:41] [Server thread/INFO]: Creepini has just earned the achievement [Unnatural]
[17:55:19] [Server thread/INFO]: radflag622 has just earned the achievement [Hot Topic]
[17:55:22] [Server thread/WARN]: WTRXGamer moved wrongly!
[17:55:22] [Server thread/WARN]: WTRXGamer moved too quickly! 9.734833193475765,-6.875,12.130829264346175
[17:57:44] [Server thread/WARN]: radflag622 moved too quickly! -16.647630414796225,7.033660682290233,2.3773308946879297
[17:58:12] [Server thread/INFO]: DiamondKing504 lost connection: TextComponent{text='Disconnected', siblings=[], style=Style{hasParent=false, color=null, bold=null, italic=null, underlined=null, obfuscated=null, clickEvent=null, hoverEvent=null, insertion=null}}
[17:58:12] [Server thread/INFO]: DiamondKing504 left the game
[17:58:22] [Server thread/WARN]: Can't keep up! Did the system time change, or is the server overloaded? Running 2963ms behind, skipping 59 tick(s)
[17:59:53] [Server thread/INFO]: WTRXGamer lost connection: TextComponent{text='Disconnected', siblings=[], style=Style{hasParent=false, color=null, bold=null, italic=null, underlined=null, obfuscated=null, clickEvent=null, hoverEvent=null, insertion=null}}
[17:59:53] [Server thread/INFO]: WTRXGamer left the game
[18:01:41] [User Authenticator #30/INFO]: UUID of player DiamondKing504 is 509ad8ee-dd05-4ea6-bb86-5227fefa7be6
[18:01:42] [Server thread/INFO]: DiamondKing504[/69.144.148.130:49680] logged in with entity id 907729 at (704.910873942545, 64.0, 556.8286129134451)
[18:01:42] [Server thread/INFO]: DiamondKing504 joined the game
[18:02:45] [Server thread/INFO]: Kelloggamer lost connection: TextComponent{text='Disconnected', siblings=[], style=Style{hasParent=false, color=null, bold=null, italic=null, underlined=null, obfuscated=null, clickEvent=null, hoverEvent=null, insertion=null}}
[18:02:45] [Server thread/INFO]: Kelloggamer left the game
[18:05:39] [Server thread/INFO]: <Creepini> brb
[18:05:40] [Server thread/INFO]: Creepini lost connection: TextComponent{text='Disconnected', siblings=[], style=Style{hasParent=false, color=null, bold=null, italic=null, underlined=null, obfuscated=null, clickEvent=null, hoverEvent=null, insertion=null}}
[18:05:40] [Server thread/INFO]: Creepini left the game
[18:17:46] [Server thread/INFO]: <CaptainSparcler> boi
[18:17:49] [Server thread/INFO]: <CaptainSparcler> i have 1
[18:20:02] [User Authenticator #31/INFO]: UUID of player WTRXGamer is ab42184a-18dc-4fe0-9259-c74f9a829310
[18:20:03] [Server thread/INFO]: WTRXGamer[/70.122.214.59:56478] logged in with entity id 932509 at (709.9641249596755, 58.0, 3200.121301464615)
[18:20:03] [Server thread/INFO]: WTRXGamer joined the game
[18:21:37] [Server thread/INFO]: radflag622 has just earned the achievement [Gilded Age]
[18:23:25] [Server thread/INFO]: <CaptainSparcler> z
[18:23:25] [Server thread/INFO]: <CaptainSparcler> z
[18:23:25] [Server thread/INFO]: <CaptainSparcler> z
[18:23:25] [Server thread/INFO]: <CaptainSparcler> z
[18:23:26] [Server thread/INFO]: <CaptainSparcler> zz
[18:23:26] [Server thread/INFO]: <CaptainSparcler> z
[18:23:26] [Server thread/INFO]: <CaptainSparcler> z
[18:23:26] [Server thread/INFO]: <CaptainSparcler> z
[18:23:27] [Server thread/INFO]: <CaptainSparcler> z
[18:23:27] [Server thread/INFO]: <CaptainSparcler> zz
[18:23:27] [Server thread/INFO]: <CaptainSparcler> z
[18:23:27] [Server thread/INFO]: <CaptainSparcler> z
[18:23:28] [Server thread/INFO]: <CaptainSparcler> z
[18:23:28] [Server thread/INFO]: CaptainSparcler lost connection: TextComponent{text='disconnect.spam', siblings=[], style=Style{hasParent=false, color=null, bold=null, italic=null, underlined=null, obfuscated=null, clickEvent=null, hoverEvent=null, insertion=null}}
[18:23:28] [Server thread/INFO]: CaptainSparcler left the game
[18:23:30] [Server thread/INFO]: <WTRXGamer> lol
[18:23:36] [Server thread/INFO]: <DiamondKing504> lol
[18:23:36] [User Authenticator #32/INFO]: UUID of player CaptainSparcler is 098d58dd-1ccc-4ad0-9183-662bd64f0f16
[18:23:37] [Server thread/INFO]: CaptainSparcler[/107.200.4.229:57586] logged in with entity id 937781 at (692.5, 67.0999984741211, 555.5)
[18:23:37] [Server thread/INFO]: CaptainSparcler joined the game
[18:23:59] [Server thread/WARN]: CaptainSparcler moved wrongly!
[18:25:20] [Server thread/INFO]: radflag622 was slain by CaptainSparcler
[18:29:57] [Server thread/INFO]: <WTRXGamer> Hey, would ya'll trade me for some coal?
[18:30:00] [Server thread/INFO]: <DiamondKing504> sure
[18:30:05] [Server thread/INFO]: <DiamondKing504> how much ya need?
[18:30:11] [Server thread/INFO]: <WTRXGamer> 3-4 stacks
[18:30:28] [Server thread/INFO]: <WTRXGamer> Also, some redstone.
[18:30:37] [Server thread/INFO]: <DiamondKing504> how much?
[18:30:41] [Server thread/INFO]: <WTRXGamer> 2-3 stacks
[18:30:47] [Server thread/INFO]: <DiamondKing504> kk
[18:30:48] [Server thread/INFO]: <CaptainSparcler> needy
[18:30:51] [Server thread/INFO]: <DiamondKing504> what ya gonna give?
[18:30:57] [Server thread/INFO]: <WTRXGamer> What do you need?
[18:31:38] [Server thread/INFO]: <DiamondKing504> ya got copper?
[18:31:58] [Server thread/INFO]: <WTRXGamer> yeah. How about 40 copper for 2 stacks of coal and 2 stacks of redstone?
[18:32:10] [Server thread/INFO]: <radflag622> wtf no
[18:32:14] [Server thread/INFO]: <radflag622> those are not balanced
[18:32:14] [Server thread/INFO]: <DiamondKing504> rad
[18:32:16] [Server thread/INFO]: <DiamondKing504> raddd
[18:32:19] [Server thread/INFO]: <WTRXGamer> What's fair then??
[18:33:28] [Server thread/INFO]: <WTRXGamer> How much copper do you want for it?
[18:33:34] [Server thread/INFO]: <DiamondKing504> i got 4 stacks of coal and 3 stacks of redstone for you. could you doa stack and a half of copper?
[18:33:52] [Server thread/INFO]: <WTRXGamer> Deal.
[18:33:58] [Server thread/INFO]: <DiamondKing504> sweet. where do I meet ya?
[18:34:03] [Server thread/INFO]: <WTRXGamer> spawn?
[18:34:10] [Server thread/INFO]: <DiamondKing504> cords?
[18:34:13] [Server thread/INFO]: <WTRXGamer> just /spawn
[18:34:15] [Server thread/INFO]: <DiamondKing504> oh
[18:34:16] [Server thread/INFO]: <DiamondKing504> ok
[18:34:18] [Server thread/INFO]: <DiamondKing504> lol
[18:34:33] [Server thread/INFO]: <DiamondKing504> :D
[18:34:35] [Server thread/INFO]: <DiamondKing504> thanks :D
[18:34:36] [Server thread/INFO]: <WTRXGamer> Thanks!
[18:35:10] [Server thread/INFO]: <DiamondKing504> do ya know why my block indicator mod is not working?
[18:35:22] [Server thread/INFO]: <WTRXGamer> Nope.
[18:35:24] [Server thread/INFO]: <DiamondKing504> dang.
[18:37:05] [Server thread/WARN]: DiamondKing504 moved wrongly!
[18:45:15] [Server thread/INFO]: Server Backup started!
[18:45:16] [Server thread/INFO]: Turned off world auto-saving
[18:45:16] [Server thread/INFO]: Saving...
[18:45:16] [Server thread/INFO]: Saved the world
[18:45:23] [Thread-124/INFO]: Server backup done in 00:00:06! (201.5MB | 1.4GB)
[18:45:23] [Server thread/INFO]: Turned on world auto-saving
[18:48:43] [Server thread/INFO]: radflag622 lost connection: TextComponent{text='Disconnected', siblings=[], style=Style{hasParent=false, color=null, bold=null, italic=null, underlined=null, obfuscated=null, clickEvent=null, hoverEvent=null, insertion=null}}
[18:48:43] [Server thread/INFO]: radflag622 left the game
[18:48:57] [User Authenticator #33/INFO]: UUID of player radflag622 is 7d9670e6-bc2f-4943-a6ee-410af51e9cc3
[18:48:58] [Server thread/INFO]: radflag622[/208.102.195.29:53696] logged in with entity id 987336 at (722.5359672957209, 64.0, 566.5251465992451)
[18:48:58] [Server thread/INFO]: radflag622 joined the game
[18:49:27] [Server thread/INFO]: <DiamondKing504> server lag?
[18:49:32] [Server thread/INFO]: <DiamondKing504> no?
[18:49:35] [Server thread/INFO]: <DiamondKing504> wtf??
[18:49:35] [Server thread/INFO]: <WTRXGamer> not for me
[18:50:07] [Server thread/INFO]: <DiamondKing504> uhh
[18:50:11] [Server thread/INFO]: <DiamondKing504> buckets are broken
[18:50:16] [Server thread/INFO]: <DiamondKing504> umm
[18:50:19] [Server thread/WARN]: radflag622 moved wrongly!
[18:50:30] [Server thread/INFO]: <DiamondKing504> liquids aren't flowing
[18:51:56] [Server thread/INFO]: <DiamondKing504> help?
[18:55:28] [Server thread/INFO]: CaptainSparcler lost connection: TextComponent{text='Disconnected', siblings=[], style=Style{hasParent=false, color=null, bold=null, italic=null, underlined=null, obfuscated=null, clickEvent=null, hoverEvent=null, insertion=null}}
[18:55:28] [Server thread/INFO]: CaptainSparcler left the game
[18:55:38] [User Authenticator #34/INFO]: UUID of player CaptainSparcler is 098d58dd-1ccc-4ad0-9183-662bd64f0f16
[18:55:39] [Server thread/INFO]: CaptainSparcler[/107.200.4.229:57784] logged in with entity id 1002667 at (713.2097626287255, 67.0, 533.599130540183)
[18:55:39] [Server thread/INFO]: CaptainSparcler joined the game
[19:01:59] [Server thread/INFO]: CaptainSparcler has just earned the achievement [Solar Panel]
[19:02:13] [Server thread/INFO]: <WTRXGamer> Tired of looking for stuff to burn?
[19:02:18] [Server thread/INFO]: <DiamondKing504> lol
[19:02:37] [Server thread/INFO]: <DiamondKing504> idk- hes doing his own thing rn
[19:02:48] [Server thread/WARN]: CaptainSparcler moved wrongly!
[19:10:05] [Server thread/INFO]: WTRXGamer lost connection: TextComponent{text='Disconnected', siblings=[], style=Style{hasParent=false, color=null, bold=null, italic=null, underlined=null, obfuscated=null, clickEvent=null, hoverEvent=null, insertion=null}}
[19:10:05] [Server thread/INFO]: WTRXGamer left the game
[19:10:19] [User Authenticator #35/INFO]: UUID of player WTRXGamer is ab42184a-18dc-4fe0-9259-c74f9a829310
[19:10:20] [Server thread/INFO]: WTRXGamer[/70.122.214.59:57316] logged in with entity id 1027881 at (704.6162176090072, 58.0, 3202.8822818159906)
[19:10:20] [Server thread/INFO]: WTRXGamer joined the game
[19:10:35] [Server thread/WARN]: radflag622 moved too quickly! -682.8309119078077,-42.0,-526.7323742290002
[19:13:43] [Server thread/WARN]: DiamondKing504 moved wrongly!
[19:17:53] [Server thread/WARN]: Can't keep up! Did the system time change, or is the server overloaded? Running 2561ms behind, skipping 51 tick(s)
[19:20:30] [Server thread/INFO]: <CaptainSparcler> help
[19:20:42] [Server thread/INFO]: <CaptainSparcler> you got any lapis
[19:20:50] [Server thread/INFO]: <WTRXGamer> me?
[19:20:53] [Server thread/INFO]: <CaptainSparcler> yes
[19:21:00] [Server thread/INFO]: <WTRXGamer> Yeah, can you trade me coal for it?
[19:22:59] [Server thread/INFO]: <WTRXGamer> Can you trade coal for lapis?
[19:23:07] [Server thread/INFO]: <CaptainSparcler> rad has alot
[19:23:16] [Server thread/INFO]: <CaptainSparcler> but has it in a safe
[19:23:21] [Server thread/INFO]: <CaptainSparcler> -_-
[19:23:21] [Server thread/INFO]: <WTRXGamer> ok
[19:23:58] [Server thread/WARN]: CaptainSparcler moved too quickly! 9.906583280690938,-0.003446946448477206,-1.7996665343864606
[19:23:59] [Server thread/INFO]: radflag622 has just earned the achievement [Cow Tipper]
[19:24:06] [Server thread/WARN]: WTRXGamer moved too quickly! 10.295958821210775,-6.875,11.800000011920929
[19:26:09] [Server thread/WARN]: WTRXGamer moved wrongly!
[19:26:13] [Server thread/WARN]: WTRXGamer moved too quickly! 10.091338991740713,-6.875,12.586563180004305
[19:26:38] [Server thread/WARN]: Failed to handle packet for /208.102.195.29:53696
net.minecraft.util.ReportedException: Ticking player
	at net.minecraft.entity.player.EntityPlayerMP.func_71127_g(EntityPlayerMP.java:380) ~[lu.class:?]
	at net.minecraft.network.NetHandlerPlayServer.func_73660_a(NetHandlerPlayServer.java:162) ~[me.class:?]
	at net.minecraftforge.fml.common.network.handshake.NetworkDispatcher$1.func_73660_a(NetworkDispatcher.java:213) ~[NetworkDispatcher$1.class:?]
	at net.minecraft.network.NetworkManager.func_74428_b(NetworkManager.java:287) ~[eo.class:?]
	at net.minecraft.network.NetworkSystem.func_151269_c(NetworkSystem.java:180) [md.class:?]
	at net.minecraft.server.MinecraftServer.func_71190_q(MinecraftServer.java:732) [MinecraftServer.class:?]
	at net.minecraft.server.dedicated.DedicatedServer.func_71190_q(DedicatedServer.java:387) [ld.class:?]
	at net.minecraft.server.MinecraftServer.func_71217_p(MinecraftServer.java:613) [MinecraftServer.class:?]
	at net.minecraft.server.MinecraftServer.run(MinecraftServer.java:471) [MinecraftServer.class:?]
	at java.lang.Thread.run(Unknown Source) [?:1.8.0_121]
Caused by: java.lang.NoClassDefFoundError: codechicken/multipart/MultipartRenderer$
	at codechicken.multipart.BlockMultipart.func_149645_b(BlockMultipart.scala:253) ~[BlockMultipart.class:?]
	at net.minecraft.block.state.BlockStateContainer$StateImplementation.func_185901_i(BlockStateContainer.java:343) ~[art$a.class:?]
	at net.minecraft.entity.Entity.func_174808_Z(Entity.java:1144) ~[rw.class:?]
	at net.minecraft.entity.Entity.func_174830_Y(Entity.java:1132) ~[rw.class:?]
	at net.minecraft.entity.Entity.func_70030_z(Entity.java:436) ~[rw.class:?]
	at net.minecraft.entity.EntityLivingBase.func_70030_z(EntityLivingBase.java:216) ~[sf.class:?]
	at net.minecraft.entity.Entity.func_70071_h_(Entity.java:359) ~[rw.class:?]
	at net.minecraft.entity.EntityLivingBase.func_70071_h_(EntityLivingBase.java:1932) ~[sf.class:?]
	at net.minecraft.entity.player.EntityPlayer.func_70071_h_(EntityPlayer.java:233) ~[zs.class:?]
	at net.minecraft.entity.player.EntityPlayerMP.func_71127_g(EntityPlayerMP.java:303) ~[lu.class:?]
	... 9 more
Caused by: java.lang.ClassNotFoundException: codechicken.multipart.MultipartRenderer$
	at net.minecraft.launchwrapper.LaunchClassLoader.findClass(LaunchClassLoader.java:191) ~[launchwrapper-1.12.jar:?]
	at java.lang.ClassLoader.loadClass(Unknown Source) ~[?:1.8.0_121]
	at java.lang.ClassLoader.loadClass(Unknown Source) ~[?:1.8.0_121]
	at codechicken.multipart.BlockMultipart.func_149645_b(BlockMultipart.scala:253) ~[BlockMultipart.class:?]
	at net.minecraft.block.state.BlockStateContainer$StateImplementation.func_185901_i(BlockStateContainer.java:343) ~[art$a.class:?]
	at net.minecraft.entity.Entity.func_174808_Z(Entity.java:1144) ~[rw.class:?]
	at net.minecraft.entity.Entity.func_174830_Y(Entity.java:1132) ~[rw.class:?]
	at net.minecraft.entity.Entity.func_70030_z(Entity.java:436) ~[rw.class:?]
	at net.minecraft.entity.EntityLivingBase.func_70030_z(EntityLivingBase.java:216) ~[sf.class:?]
	at net.minecraft.entity.Entity.func_70071_h_(Entity.java:359) ~[rw.class:?]
	at net.minecraft.entity.EntityLivingBase.func_70071_h_(EntityLivingBase.java:1932) ~[sf.class:?]
	at net.minecraft.entity.player.EntityPlayer.func_70071_h_(EntityPlayer.java:233) ~[zs.class:?]
	at net.minecraft.entity.player.EntityPlayerMP.func_71127_g(EntityPlayerMP.java:303) ~[lu.class:?]
	... 9 more
Caused by: net.minecraftforge.fml.common.asm.ASMTransformerWrapper$TransformerException: Exception in class transformer net.minecraftforge.fml.common.asm.transformers.SideTransformer@56ace400 from coremod FMLCorePlugin
	at net.minecraftforge.fml.common.asm.ASMTransformerWrapper$TransformerWrapper.transform(ASMTransformerWrapper.java:253) ~[FTBserver-1.10.2-12.18.3.2254-universal.jar:?]
	at net.minecraft.launchwrapper.LaunchClassLoader.runTransformers(LaunchClassLoader.java:279) ~[launchwrapper-1.12.jar:?]
	at net.minecraft.launchwrapper.LaunchClassLoader.findClass(LaunchClassLoader.java:176) ~[launchwrapper-1.12.jar:?]
	at java.lang.ClassLoader.loadClass(Unknown Source) ~[?:1.8.0_121]
	at java.lang.ClassLoader.loadClass(Unknown Source) ~[?:1.8.0_121]
	at codechicken.multipart.BlockMultipart.func_149645_b(BlockMultipart.scala:253) ~[BlockMultipart.class:?]
	at net.minecraft.block.state.BlockStateContainer$StateImplementation.func_185901_i(BlockStateContainer.java:343) ~[art$a.class:?]
	at net.minecraft.entity.Entity.func_174808_Z(Entity.java:1144) ~[rw.class:?]
	at net.minecraft.entity.Entity.func_174830_Y(Entity.java:1132) ~[rw.class:?]
	at net.minecraft.entity.Entity.func_70030_z(Entity.java:436) ~[rw.class:?]
	at net.minecraft.entity.EntityLivingBase.func_70030_z(EntityLivingBase.java:216) ~[sf.class:?]
	at net.minecraft.entity.Entity.func_70071_h_(Entity.java:359) ~[rw.class:?]
	at net.minecraft.entity.EntityLivingBase.func_70071_h_(EntityLivingBase.java:1932) ~[sf.class:?]
	at net.minecraft.entity.player.EntityPlayer.func_70071_h_(EntityPlayer.java:233) ~[zs.class:?]
	at net.minecraft.entity.player.EntityPlayerMP.func_71127_g(EntityPlayerMP.java:303) ~[lu.class:?]
	... 9 more
Caused by: java.lang.RuntimeException: Attempted to load class codechicken/multipart/MultipartRenderer$ for invalid side SERVER
	at net.minecraftforge.fml.common.asm.transformers.SideTransformer.transform(SideTransformer.java:56) ~[FTBserver-1.10.2-12.18.3.2254-universal.jar:?]
	at net.minecraftforge.fml.common.asm.ASMTransformerWrapper$TransformerWrapper.transform(ASMTransformerWrapper.java:249) ~[FTBserver-1.10.2-12.18.3.2254-universal.jar:?]
	at net.minecraft.launchwrapper.LaunchClassLoader.runTransformers(LaunchClassLoader.java:279) ~[launchwrapper-1.12.jar:?]
	at net.minecraft.launchwrapper.LaunchClassLoader.findClass(LaunchClassLoader.java:176) ~[launchwrapper-1.12.jar:?]
	at java.lang.ClassLoader.loadClass(Unknown Source) ~[?:1.8.0_121]
	at java.lang.ClassLoader.loadClass(Unknown Source) ~[?:1.8.0_121]
	at codechicken.multipart.BlockMultipart.func_149645_b(BlockMultipart.scala:253) ~[BlockMultipart.class:?]
	at net.minecraft.block.state.BlockStateContainer$StateImplementation.func_185901_i(BlockStateContainer.java:343) ~[art$a.class:?]
	at net.minecraft.entity.Entity.func_174808_Z(Entity.java:1144) ~[rw.class:?]
	at net.minecraft.entity.Entity.func_174830_Y(Entity.java:1132) ~[rw.class:?]
	at net.minecraft.entity.Entity.func_70030_z(Entity.java:436) ~[rw.class:?]
	at net.minecraft.entity.EntityLivingBase.func_70030_z(EntityLivingBase.java:216) ~[sf.class:?]
	at net.minecraft.entity.Entity.func_70071_h_(Entity.java:359) ~[rw.class:?]
	at net.minecraft.entity.EntityLivingBase.func_70071_h_(EntityLivingBase.java:1932) ~[sf.class:?]
	at net.minecraft.entity.player.EntityPlayer.func_70071_h_(EntityPlayer.java:233) ~[zs.class:?]
	at net.minecraft.entity.player.EntityPlayerMP.func_71127_g(EntityPlayerMP.java:303) ~[lu.class:?]
	... 9 more
[19:26:38] [Server thread/INFO]: radflag622 lost connection: TextComponent{text='Internal server error', siblings=[], style=Style{hasParent=false, color=null, bold=null, italic=null, underlined=null, obfuscated=null, clickEvent=null, hoverEvent=null, insertion=null}}
[19:26:38] [Server thread/INFO]: radflag622 left the game
[19:26:52] [User Authenticator #36/INFO]: UUID of player radflag622 is 7d9670e6-bc2f-4943-a6ee-410af51e9cc3
[19:26:54] [Server thread/INFO]: radflag622[/208.102.195.29:53785] logged in with entity id 1070333 at (708.6025199899681, 64.4298698825979, 553.3000000119209)
[19:26:54] [Server thread/INFO]: radflag622 joined the game
[19:27:28] [Server thread/INFO]: DiamondKing504 lost connection: TextComponent{text='You have been idle for too long!', siblings=[], style=Style{hasParent=false, color=null, bold=null, italic=null, underlined=null, obfuscated=null, clickEvent=null, hoverEvent=null, insertion=null}}
[19:27:28] [Server thread/INFO]: DiamondKing504 left the game
[19:28:18] [Server thread/INFO]: <CaptainSparcler> rad
[19:28:25] [Server thread/INFO]: <CaptainSparcler> lapis
[19:28:41] [Server thread/INFO]: <CaptainSparcler> ehy
[19:28:45] [Server thread/INFO]: <CaptainSparcler> wy*
[19:28:57] [Server thread/INFO]: CaptainSparcler lost connection: TextComponent{text='Disconnected', siblings=[], style=Style{hasParent=false, color=null, bold=null, italic=null, underlined=null, obfuscated=null, clickEvent=null, hoverEvent=null, insertion=null}}
[19:28:57] [Server thread/INFO]: CaptainSparcler left the game
[19:31:15] [Server thread/INFO]: <WTRXGamer> has anyone gone to the end yet?
[19:31:21] [Server thread/INFO]: <radflag622> dont think so
[19:32:25] [Server thread/INFO]: radflag622 lost connection: TextComponent{text='Disconnected', siblings=[], style=Style{hasParent=false, color=null, bold=null, italic=null, underlined=null, obfuscated=null, clickEvent=null, hoverEvent=null, insertion=null}}
[19:32:25] [Server thread/INFO]: radflag622 left the game
[19:32:59] [User Authenticator #37/INFO]: UUID of player radflag622 is 7d9670e6-bc2f-4943-a6ee-410af51e9cc3
[19:33:01] [Server thread/INFO]: radflag622[/208.102.195.29:53805] logged in with entity id 1087874 at (324.69999998807907, 60.0, 136.30000001192093)
[19:33:01] [Server thread/INFO]: radflag622 joined the game
[19:33:22] [Server thread/INFO]: <radflag622> how long does it take fish to eat dinner/
[19:33:30] [Server thread/INFO]: <WTRXGamer> ?
[19:34:31] [Server thread/INFO]: <radflag622> Fish went to eat dinner
[19:34:36] [Server thread/INFO]: <WTRXGamer> oh
[19:42:08] [Server thread/INFO]: <radflag622> dont know who thought it would be funny to leave carrot juice in nether fort chests
[19:42:20] [Server thread/INFO]: <radflag622> I guess they left me food lol
[19:43:29] [User Authenticator #38/INFO]: UUID of player DiamondKing504 is 509ad8ee-dd05-4ea6-bb86-5227fefa7be6
[19:43:30] [Server thread/INFO]: DiamondKing504[/69.144.148.130:49869] logged in with entity id 1101812 at (325.30000001192093, 63.0, 142.30000001192093)
[19:43:30] [Server thread/INFO]: DiamondKing504 joined the game
[19:45:49] [Server thread/WARN]: Can't keep up! Did the system time change, or is the server overloaded? Running 4259ms behind, skipping 85 tick(s)
[19:48:25] [User Authenticator #39/INFO]: UUID of player Kelloggamer is ae7dc577-061c-44fa-b3bc-33a8e80186c7
[19:48:27] [Server thread/INFO]: Kelloggamer[/108.71.182.76:53168] logged in with entity id 1108967 at (726.8723447895792, 63.9375, 548.8109779118729)
[19:48:27] [Server thread/INFO]: Kelloggamer joined the game
[19:49:19] [Server thread/WARN]: DiamondKing504 moved too quickly! -0.4839365870852248,-1.5623561724022679,-11.158294545000246
[19:49:23] [Server thread/WARN]: DiamondKing504 moved too quickly! -5.64684788351866,-6.273118395352235,-6.725273691838481
[19:49:32] [Server thread/WARN]: DiamondKing504 moved too quickly! -10.924071747696928,-0.2359633498986753,-1.542063010851166
[19:49:32] [Server thread/WARN]: radflag622 moved too quickly! -3.71420018459159,-0.3413401638183018,-10.327799271541892
[19:49:34] [Server thread/WARN]: DiamondKing504 moved too quickly! -10.115286533046003,-0.2359633498986753,-2.0204184297085135
[19:49:34] [Server thread/WARN]: radflag622 moved too quickly! -1.0838064232747229,-0.26967239988420033,-10.401603280574307
[19:49:36] [Server thread/WARN]: DiamondKing504 moved too quickly! -8.953073085869505,-0.2359633498986753,-6.085571396726664
[19:49:37] [Server thread/WARN]: radflag622 moved too quickly! -6.400461830538859,-0.37079954984077546,-8.285622783314977
[19:49:38] [Server thread/WARN]: DiamondKing504 moved too quickly! -9.048190103691809,-1.1977431947695791,-5.505542762022117
[19:49:38] [Server thread/WARN]: radflag622 moved too quickly! -8.311839465032662,-0.47192585254096286,-6.88859755631978
[19:49:45] [Server thread/WARN]: radflag622 moved wrongly!
[19:50:10] [Server thread/WARN]: Can't keep up! Did the system time change, or is the server overloaded? Running 2537ms behind, skipping 50 tick(s)
[19:50:10] [Server thread/WARN]: DiamondKing504 moved too quickly! 6.370940119155307,1.0013359791121488,7.889371478312057
[19:50:55] [Server thread/WARN]: radflag622 moved too quickly! -9.967516264270984,-0.838553125338116,-2.5312162763557637
[19:50:57] [Server thread/WARN]: DiamondKing504 moved too quickly! -0.3768544601103372,-1.1216000461578375,-25.532578440002567
[19:51:37] [Server thread/WARN]: radflag622 moved too quickly! -7.9938007053117985,-0.7744565910302299,-7.440035350684525
[19:51:37] [Server thread/WARN]: Kelloggamer moved too quickly! -6.66703328945232,-0.32321502069662245,-7.613539225469708
[19:51:39] [Server thread/WARN]: radflag622 moved too quickly! -8.651884347917303,-0.8389945103053478,-6.379382715514993
[19:52:27] [Server thread/INFO]: WTRXGamer lost connection: TextComponent{text='Disconnected', siblings=[], style=Style{hasParent=false, color=null, bold=null, italic=null, underlined=null, obfuscated=null, clickEvent=null, hoverEvent=null, insertion=null}}
[19:52:27] [Server thread/INFO]: WTRXGamer left the game
[19:52:41] [Server thread/WARN]: Kelloggamer moved too quickly! 7.266059141232148,-8.47393109440857,-1.549097996208216
[19:57:39] [Server thread/WARN]: DiamondKing504 moved too quickly! -4.694096049147731,-9.186431008125652,4.7595182038022585
[19:59:09] [Server thread/WARN]: radflag622 moved too quickly! 10.159612786381388,-0.5393447997669796,-0.001621631636226084
[19:59:54] [Server thread/WARN]: Kelloggamer moved too quickly! -7.739287641370424,0.8517597871391018,6.529699472330009
[20:00:03] [Server thread/WARN]: Kelloggamer moved too quickly! -9.383223531335489,-1.252203340253729,4.198825236922033
[20:00:03] [Server thread/WARN]: Can't keep up! Did the system time change, or is the server overloaded? Running 5516ms behind, skipping 110 tick(s)
[20:00:14] [Server thread/INFO]: radflag622 lost connection: TranslatableComponent{key='disconnect.genericReason', args=[Internal Exception: java.io.IOException: An existing connection was forcibly closed by the remote host], siblings=[], style=Style{hasParent=false, color=null, bold=null, italic=null, underlined=null, obfuscated=null, clickEvent=null, hoverEvent=null, insertion=null}}
[20:00:14] [Server thread/INFO]: radflag622 left the game
[20:01:22] [User Authenticator #40/INFO]: UUID of player Creepini is e1cae796-a835-44ba-b79e-9a810d9cd1ea
[20:01:23] [Server thread/INFO]: Creepini[/192.168.0.1:50806] logged in with entity id 1142099 at (706.733595263886, 70.0, 588.9444007381877)
[20:01:23] [Server thread/INFO]: Creepini joined the game
[20:02:57] [Server thread/WARN]: DiamondKing504 moved too quickly! 0.8450076638469284,10.741449631783453,0.34411631275565924
[20:02:57] [Server thread/WARN]: Kelloggamer moved too quickly! 9.278342341771804,-3.43258023455229,2.9854264727315467
[20:04:28] [User Authenticator #41/INFO]: UUID of player radflag622 is 7d9670e6-bc2f-4943-a6ee-410af51e9cc3
[20:04:29] [Server thread/INFO]: radflag622[/208.102.195.29:53986] logged in with entity id 1150803 at (709.5, 64.5, 556.5)
[20:04:29] [Server thread/INFO]: radflag622 joined the game
[20:05:12] [Server thread/WARN]: DiamondKing504 moved too quickly! 0.31512079158379436,9.51842829519535,-3.304000109888051
[20:05:34] [Server thread/WARN]: Can't keep up! Did the system time change, or is the server overloaded? Running 2200ms behind, skipping 44 tick(s)
[20:05:53] [Server thread/WARN]: Boat (vehicle of Kelloggamer) moved too quickly! 5.556723203775164,0.0,-8.772832205805571
[20:05:53] [Server thread/WARN]: Boat (vehicle of Kelloggamer) moved too quickly! 5.779145869681997,0.0,-9.105121848505917
[20:05:53] [Server thread/WARN]: Boat (vehicle of Kelloggamer) moved too quickly! 6.001908079414534,0.0,-9.437198600913177
[20:05:53] [Server thread/WARN]: Boat (vehicle of Kelloggamer) moved too quickly! 6.224985372485207,0.0,-9.769077255155537
[20:05:53] [Server thread/WARN]: Boat (vehicle of Kelloggamer) moved too quickly! 6.448352569820145,0.0,-10.100773288541575
[20:05:53] [Server thread/WARN]: Boat (vehicle of Kelloggamer) moved too quickly! 6.671990173025733,0.0,-10.432298462529673
[20:05:53] [Server thread/WARN]: Boat (vehicle of Kelloggamer) moved too quickly! 6.8958774689144775,0.0,-10.763665526825832
[20:05:53] [Server thread/WARN]: Boat (vehicle of Kelloggamer) moved too quickly! 7.119995813754485,0.0,-11.094885956165058
[20:05:53] [Server thread/WARN]: Boat (vehicle of Kelloggamer) moved too quickly! 7.344328428188419,0.0,-11.4259700778087
[20:05:53] [Server thread/WARN]: Boat (vehicle of Kelloggamer) moved too quickly! 7.568857048023347,0.0,-11.756929350685255
[20:05:53] [Server thread/WARN]: Boat (vehicle of Kelloggamer) moved too quickly! 7.793568396394676,0.0,-12.087771919711258
[20:05:53] [Server thread/WARN]: Boat (vehicle of Kelloggamer) moved too quickly! 8.018447361353083,0.0,-12.418507283430301
[20:05:53] [Server thread/WARN]: Boat (vehicle of Kelloggamer) moved too quickly! 8.243480342144721,0.0,-12.749143994256656
[20:05:53] [Server thread/WARN]: Boat (vehicle of Kelloggamer) moved too quickly! 8.468655099954049,0.0,-13.079689745637722
[20:05:53] [Server thread/WARN]: Boat (vehicle of Kelloggamer) moved too quickly! 8.693960617984885,0.0,-13.410151461675923
[20:05:53] [Server thread/WARN]: Boat moved wrongly!
[20:05:53] [Server thread/WARN]: Boat moved wrongly!
[20:05:53] [Server thread/WARN]: Boat moved wrongly!
[20:05:53] [Server thread/WARN]: Boat moved wrongly!
[20:05:53] [Server thread/WARN]: Boat moved wrongly!
[20:05:53] [Server thread/WARN]: Boat moved wrongly!
[20:05:53] [Server thread/WARN]: Boat moved wrongly!
[20:05:53] [Server thread/WARN]: Boat moved wrongly!
[20:05:53] [Server thread/WARN]: Boat moved wrongly!
[20:05:53] [Server thread/WARN]: Boat moved wrongly!
[20:05:53] [Server thread/WARN]: Boat moved wrongly!
[20:05:53] [Server thread/WARN]: Boat moved wrongly!
[20:05:53] [Server thread/WARN]: Boat moved wrongly!
[20:05:53] [Server thread/WARN]: Boat moved wrongly!
[20:05:53] [Server thread/WARN]: Boat moved wrongly!
[20:05:53] [Server thread/WARN]: Boat moved wrongly!
[20:05:53] [Server thread/WARN]: Boat moved wrongly!
[20:05:53] [Server thread/WARN]: Boat moved wrongly!
[20:06:38] [Server thread/WARN]: Can't keep up! Did the system time change, or is the server overloaded? Running 42527ms behind, skipping 850 tick(s)
[20:06:41] [Server thread/WARN]: Can't keep up! Did the system time change, or is the server overloaded? Running 3736ms behind, skipping 74 tick(s)
[20:08:10] [Server thread/WARN]: Boat (vehicle of Kelloggamer) moved too quickly! 6.308416668615109,0.0,8.267636342894889
[20:08:10] [Server thread/WARN]: Boat (vehicle of Kelloggamer) moved too quickly! 6.551048082611942,0.0,8.585622353629219
[20:08:10] [Server thread/WARN]: Boat (vehicle of Kelloggamer) moved too quickly! 6.7936794966890375,0.0,8.903608364309832
[20:08:10] [Server thread/WARN]: Boat (vehicle of Kelloggamer) moved too quickly! 7.036310910838438,0.0,9.221594374942129
[20:08:11] [Server thread/WARN]: Tried to over-fill a container
[20:08:20] [Server thread/WARN]: Boat (vehicle of Kelloggamer) moved too quickly! 8.650904883113071,0.0,5.760404450190151
[20:08:20] [Server thread/WARN]: Boat (vehicle of Kelloggamer) moved too quickly! 8.969208334458926,0.0,6.00175489373629
[20:08:20] [Server thread/WARN]: Boat (vehicle of Kelloggamer) moved too quickly! 9.286052294373121,0.0,6.244998331695399
[20:08:20] [Server thread/WARN]: Boat (vehicle of Kelloggamer) moved too quickly! 9.601487676152828,0.0,6.490055947378039
[20:08:20] [Server thread/WARN]: Boat (vehicle of Kelloggamer) moved too quickly! 9.915572477875685,0.0,6.736841988423521
[20:09:20] [Server thread/INFO]: Kelloggamer lost connection: TextComponent{text='Disconnected', siblings=[], style=Style{hasParent=false, color=null, bold=null, italic=null, underlined=null, obfuscated=null, clickEvent=null, hoverEvent=null, insertion=null}}
[20:09:20] [Server thread/INFO]: Kelloggamer left the game
[20:10:53] [Server thread/INFO]: radflag622 lost connection: TextComponent{text='Disconnected', siblings=[], style=Style{hasParent=false, color=null, bold=null, italic=null, underlined=null, obfuscated=null, clickEvent=null, hoverEvent=null, insertion=null}}
[20:10:53] [Server thread/INFO]: radflag622 left the game
[20:11:32] [User Authenticator #42/INFO]: UUID of player onContentStop is a5a02fa8-538d-4d71-ab71-f8d847398cd8
[20:11:33] [Server thread/INFO]: onContentStop[/192.168.0.1:57115] logged in with entity id 1170573 at (709.8088543591484, 58.0, 3200.562543166762)
[20:11:33] [Server thread/INFO]: onContentStop joined the game
[20:12:10] [Server thread/WARN]: DiamondKing504 moved too quickly! -8.496697506058183,-0.4719266997973506,-5.421131966613643
[20:14:01] [Server thread/INFO]: Creepini has just earned the achievement [Better Than Chests]
[20:14:52] [Server thread/INFO]: onContentStop lost connection: TextComponent{text='Disconnected', siblings=[], style=Style{hasParent=false, color=null, bold=null, italic=null, underlined=null, obfuscated=null, clickEvent=null, hoverEvent=null, insertion=null}}
[20:14:52] [Server thread/INFO]: onContentStop left the game
[20:15:01] [Server thread/INFO]: <Creepini> so, RL?
[20:15:01] [Server thread/WARN]: Can't keep up! Did the system time change, or is the server overloaded? Running 2969ms behind, skipping 59 tick(s)
[20:15:10] [Server thread/INFO]: [Server] yis
[20:15:14] [Server thread/INFO]: <Creepini> Fish
[20:15:24] [Server thread/INFO]: <DiamondKing504> ye
[20:15:24] [Server thread/INFO]: DiamondKing504 lost connection: TextComponent{text='Disconnected', siblings=[], style=Style{hasParent=false, color=null, bold=null, italic=null, underlined=null, obfuscated=null, clickEvent=null, hoverEvent=null, insertion=null}}
[20:15:24] [Server thread/INFO]: DiamondKing504 left the game
[20:15:26] [Server thread/INFO]: Creepini lost connection: TextComponent{text='Disconnected', siblings=[], style=Style{hasParent=false, color=null, bold=null, italic=null, underlined=null, obfuscated=null, clickEvent=null, hoverEvent=null, insertion=null}}
[20:15:26] [Server thread/INFO]: Creepini left the game
[20:16:32] [User Authenticator #43/INFO]: UUID of player WTRXGamer is ab42184a-18dc-4fe0-9259-c74f9a829310
[20:16:33] [Server thread/INFO]: WTRXGamer[/70.122.214.59:58066] logged in with entity id 1178993 at (702.1815675827501, 59.0, 3202.178306362632)
[20:16:33] [Server thread/INFO]: WTRXGamer joined the game
[20:30:58] [Server thread/WARN]: WTRXGamer moved wrongly!
[20:31:03] [Server thread/WARN]: WTRXGamer moved too quickly! 10.109019521197524,-6.875,12.300964623000255
