[20:43:55] [Server thread/INFO]: Starting minecraft server version 1.10.2
[20:44:39] [Server thread/INFO]: Loading properties
[20:44:39] [Server thread/INFO]: Default game type: SURVIVAL
[20:44:39] [Server thread/INFO]: Generating keypair
[20:44:39] [Server thread/INFO]: Starting Minecraft server on *:7878
[20:44:39] [Server thread/INFO]: Using epoll channel type
[20:44:49] [Server thread/INFO]: Preparing level "world"
[20:44:49] [Server thread/WARN]: Couldn't find resource table railcraft:chests/village_workshop
[20:44:50] [Server thread/INFO]: Preparing start region for level 0
[20:44:51] [Server thread/INFO]: Preparing spawn area: 0%
[20:44:52] [Server thread/INFO]: Done (3.360s)! For help, type "help" or "?"
[20:44:53] [Server thread/INFO]: FTBLib: Server reloaded in 536ms
[21:37:28] [User Authenticator #1/INFO]: UUID of player Creepini is e1cae796-a835-44ba-b79e-9a810d9cd1ea
[21:37:29] [Server thread/INFO]: Creepini[/192.168.0.1:51450] logged in with entity id 542 at (705.6603419005431, 64.0, 568.3227848421162)
[21:37:29] [Server thread/INFO]: Creepini joined the game
[21:44:32] [Server thread/INFO]: Creepini's soul became too weak
[21:45:44] [Server thread/INFO]: Creepini's soul became too weak
[21:46:36] [Server thread/INFO]: Creepini lost connection: TextComponent{text='Disconnected', siblings=[], style=Style{hasParent=false, color=null, bold=null, italic=null, underlined=null, obfuscated=null, clickEvent=null, hoverEvent=null, insertion=null}}
[21:46:36] [Server thread/INFO]: Creepini left the game
[21:46:50] [User Authenticator #2/INFO]: UUID of player Creepini is e1cae796-a835-44ba-b79e-9a810d9cd1ea
[21:46:51] [Server thread/INFO]: Creepini[/192.168.0.1:51571] logged in with entity id 11604 at (708.7451847970075, 63.9375, 564.5792704985944)
[21:46:51] [Server thread/INFO]: Creepini joined the game
[21:49:00] [Server thread/INFO]: Creepini's soul became too weak
[21:52:45] [Server thread/INFO]: [Creepini: Set own game mode to Creative Mode]
[21:52:56] [Server thread/INFO]: [Creepini: Set own game mode to Survival Mode]
[21:52:57] [Server thread/INFO]: Creepini lost connection: TextComponent{text='Disconnected', siblings=[], style=Style{hasParent=false, color=null, bold=null, italic=null, underlined=null, obfuscated=null, clickEvent=null, hoverEvent=null, insertion=null}}
[21:52:57] [Server thread/INFO]: Creepini left the game
[21:53:04] [User Authenticator #3/INFO]: UUID of player Creepini is e1cae796-a835-44ba-b79e-9a810d9cd1ea
[21:53:05] [Server thread/INFO]: Creepini[/192.168.0.1:51615] logged in with entity id 16235 at (710.3542454526591, 70.0, 586.4928083890011)
[21:53:05] [Server thread/INFO]: Creepini joined the game
[21:57:36] [Server thread/WARN]: Failed to handle packet for /192.168.0.1:51615
net.minecraft.util.ReportedException: Ticking player
	at net.minecraft.entity.player.EntityPlayerMP.func_71127_g(EntityPlayerMP.java:380) ~[lu.class:?]
	at net.minecraft.network.NetHandlerPlayServer.func_73660_a(NetHandlerPlayServer.java:162) ~[me.class:?]
	at net.minecraftforge.fml.common.network.handshake.NetworkDispatcher$1.func_73660_a(NetworkDispatcher.java:213) ~[NetworkDispatcher$1.class:?]
	at net.minecraft.network.NetworkManager.func_74428_b(NetworkManager.java:287) ~[eo.class:?]
	at net.minecraft.network.NetworkSystem.func_151269_c(NetworkSystem.java:180) [md.class:?]
	at net.minecraft.server.MinecraftServer.func_71190_q(MinecraftServer.java:732) [MinecraftServer.class:?]
	at net.minecraft.server.dedicated.DedicatedServer.func_71190_q(DedicatedServer.java:387) [ld.class:?]
	at net.minecraft.server.MinecraftServer.func_71217_p(MinecraftServer.java:613) [MinecraftServer.class:?]
	at net.minecraft.server.MinecraftServer.run(MinecraftServer.java:471) [MinecraftServer.class:?]
	at java.lang.Thread.run(Thread.java:745) [?:1.8.0_121]
Caused by: java.lang.NoClassDefFoundError: codechicken/multipart/MultipartRenderer$
	at codechicken.multipart.BlockMultipart.func_149645_b(BlockMultipart.scala:253) ~[BlockMultipart.class:?]
	at net.minecraft.block.state.BlockStateContainer$StateImplementation.func_185901_i(BlockStateContainer.java:343) ~[art$a.class:?]
	at net.minecraft.entity.Entity.func_174808_Z(Entity.java:1144) ~[rw.class:?]
	at net.minecraft.entity.Entity.func_174830_Y(Entity.java:1132) ~[rw.class:?]
	at net.minecraft.entity.Entity.func_70030_z(Entity.java:436) ~[rw.class:?]
	at net.minecraft.entity.EntityLivingBase.func_70030_z(EntityLivingBase.java:216) ~[sf.class:?]
	at net.minecraft.entity.Entity.func_70071_h_(Entity.java:359) ~[rw.class:?]
	at net.minecraft.entity.EntityLivingBase.func_70071_h_(EntityLivingBase.java:1932) ~[sf.class:?]
	at net.minecraft.entity.player.EntityPlayer.func_70071_h_(EntityPlayer.java:233) ~[zs.class:?]
	at net.minecraft.entity.player.EntityPlayerMP.func_71127_g(EntityPlayerMP.java:303) ~[lu.class:?]
	... 9 more
Caused by: java.lang.ClassNotFoundException: codechicken.multipart.MultipartRenderer$
	at net.minecraft.launchwrapper.LaunchClassLoader.findClass(LaunchClassLoader.java:191) ~[launchwrapper-1.12.jar:?]
	at java.lang.ClassLoader.loadClass(ClassLoader.java:424) ~[?:1.8.0_121]
	at java.lang.ClassLoader.loadClass(ClassLoader.java:357) ~[?:1.8.0_121]
	at codechicken.multipart.BlockMultipart.func_149645_b(BlockMultipart.scala:253) ~[BlockMultipart.class:?]
	at net.minecraft.block.state.BlockStateContainer$StateImplementation.func_185901_i(BlockStateContainer.java:343) ~[art$a.class:?]
	at net.minecraft.entity.Entity.func_174808_Z(Entity.java:1144) ~[rw.class:?]
	at net.minecraft.entity.Entity.func_174830_Y(Entity.java:1132) ~[rw.class:?]
	at net.minecraft.entity.Entity.func_70030_z(Entity.java:436) ~[rw.class:?]
	at net.minecraft.entity.EntityLivingBase.func_70030_z(EntityLivingBase.java:216) ~[sf.class:?]
	at net.minecraft.entity.Entity.func_70071_h_(Entity.java:359) ~[rw.class:?]
	at net.minecraft.entity.EntityLivingBase.func_70071_h_(EntityLivingBase.java:1932) ~[sf.class:?]
	at net.minecraft.entity.player.EntityPlayer.func_70071_h_(EntityPlayer.java:233) ~[zs.class:?]
	at net.minecraft.entity.player.EntityPlayerMP.func_71127_g(EntityPlayerMP.java:303) ~[lu.class:?]
	... 9 more
Caused by: net.minecraftforge.fml.common.asm.ASMTransformerWrapper$TransformerException: Exception in class transformer net.minecraftforge.fml.common.asm.transformers.SideTransformer@5778826f from coremod FMLCorePlugin
	at net.minecraftforge.fml.common.asm.ASMTransformerWrapper$TransformerWrapper.transform(ASMTransformerWrapper.java:253) ~[FTBserver-1.10.2-12.18.3.2254-universal.jar:?]
	at net.minecraft.launchwrapper.LaunchClassLoader.runTransformers(LaunchClassLoader.java:279) ~[launchwrapper-1.12.jar:?]
	at net.minecraft.launchwrapper.LaunchClassLoader.findClass(LaunchClassLoader.java:176) ~[launchwrapper-1.12.jar:?]
	at java.lang.ClassLoader.loadClass(ClassLoader.java:424) ~[?:1.8.0_121]
	at java.lang.ClassLoader.loadClass(ClassLoader.java:357) ~[?:1.8.0_121]
	at codechicken.multipart.BlockMultipart.func_149645_b(BlockMultipart.scala:253) ~[BlockMultipart.class:?]
	at net.minecraft.block.state.BlockStateContainer$StateImplementation.func_185901_i(BlockStateContainer.java:343) ~[art$a.class:?]
	at net.minecraft.entity.Entity.func_174808_Z(Entity.java:1144) ~[rw.class:?]
	at net.minecraft.entity.Entity.func_174830_Y(Entity.java:1132) ~[rw.class:?]
	at net.minecraft.entity.Entity.func_70030_z(Entity.java:436) ~[rw.class:?]
	at net.minecraft.entity.EntityLivingBase.func_70030_z(EntityLivingBase.java:216) ~[sf.class:?]
	at net.minecraft.entity.Entity.func_70071_h_(Entity.java:359) ~[rw.class:?]
	at net.minecraft.entity.EntityLivingBase.func_70071_h_(EntityLivingBase.java:1932) ~[sf.class:?]
	at net.minecraft.entity.player.EntityPlayer.func_70071_h_(EntityPlayer.java:233) ~[zs.class:?]
	at net.minecraft.entity.player.EntityPlayerMP.func_71127_g(EntityPlayerMP.java:303) ~[lu.class:?]
	... 9 more
Caused by: java.lang.RuntimeException: Attempted to load class codechicken/multipart/MultipartRenderer$ for invalid side SERVER
	at net.minecraftforge.fml.common.asm.transformers.SideTransformer.transform(SideTransformer.java:56) ~[FTBserver-1.10.2-12.18.3.2254-universal.jar:?]
	at net.minecraftforge.fml.common.asm.ASMTransformerWrapper$TransformerWrapper.transform(ASMTransformerWrapper.java:249) ~[FTBserver-1.10.2-12.18.3.2254-universal.jar:?]
	at net.minecraft.launchwrapper.LaunchClassLoader.runTransformers(LaunchClassLoader.java:279) ~[launchwrapper-1.12.jar:?]
	at net.minecraft.launchwrapper.LaunchClassLoader.findClass(LaunchClassLoader.java:176) ~[launchwrapper-1.12.jar:?]
	at java.lang.ClassLoader.loadClass(ClassLoader.java:424) ~[?:1.8.0_121]
	at java.lang.ClassLoader.loadClass(ClassLoader.java:357) ~[?:1.8.0_121]
	at codechicken.multipart.BlockMultipart.func_149645_b(BlockMultipart.scala:253) ~[BlockMultipart.class:?]
	at net.minecraft.block.state.BlockStateContainer$StateImplementation.func_185901_i(BlockStateContainer.java:343) ~[art$a.class:?]
	at net.minecraft.entity.Entity.func_174808_Z(Entity.java:1144) ~[rw.class:?]
	at net.minecraft.entity.Entity.func_174830_Y(Entity.java:1132) ~[rw.class:?]
	at net.minecraft.entity.Entity.func_70030_z(Entity.java:436) ~[rw.class:?]
	at net.minecraft.entity.EntityLivingBase.func_70030_z(EntityLivingBase.java:216) ~[sf.class:?]
	at net.minecraft.entity.Entity.func_70071_h_(Entity.java:359) ~[rw.class:?]
	at net.minecraft.entity.EntityLivingBase.func_70071_h_(EntityLivingBase.java:1932) ~[sf.class:?]
	at net.minecraft.entity.player.EntityPlayer.func_70071_h_(EntityPlayer.java:233) ~[zs.class:?]
	at net.minecraft.entity.player.EntityPlayerMP.func_71127_g(EntityPlayerMP.java:303) ~[lu.class:?]
	... 9 more
[21:57:36] [Server thread/INFO]: Creepini lost connection: TextComponent{text='Internal server error', siblings=[], style=Style{hasParent=false, color=null, bold=null, italic=null, underlined=null, obfuscated=null, clickEvent=null, hoverEvent=null, insertion=null}}
[21:57:36] [Server thread/INFO]: Creepini left the game
[21:57:48] [User Authenticator #4/INFO]: UUID of player Creepini is e1cae796-a835-44ba-b79e-9a810d9cd1ea
[21:57:49] [Server thread/INFO]: Creepini[/192.168.0.1:51671] logged in with entity id 22405 at (709.3868370359874, 64.1212968405392, 557.6645712265546)
[21:57:49] [Server thread/INFO]: Creepini joined the game
[22:15:08] [Server thread/WARN]: Creepini moved wrongly!
[22:16:23] [Server thread/WARN]: Creepini moved too quickly! -1.7097169821969942,7.999762588360824,7.261115989829705
[22:19:23] [Server thread/WARN]: Creepini moved too quickly! 1.0678613951452007,-5.6918247639283095,8.780782175723743
[22:26:31] [Server thread/WARN]: Failed to handle packet for /192.168.0.1:51671
net.minecraft.util.ReportedException: Ticking player
	at net.minecraft.entity.player.EntityPlayerMP.func_71127_g(EntityPlayerMP.java:380) ~[lu.class:?]
	at net.minecraft.network.NetHandlerPlayServer.func_73660_a(NetHandlerPlayServer.java:162) ~[me.class:?]
	at net.minecraftforge.fml.common.network.handshake.NetworkDispatcher$1.func_73660_a(NetworkDispatcher.java:213) ~[NetworkDispatcher$1.class:?]
	at net.minecraft.network.NetworkManager.func_74428_b(NetworkManager.java:287) ~[eo.class:?]
	at net.minecraft.network.NetworkSystem.func_151269_c(NetworkSystem.java:180) [md.class:?]
	at net.minecraft.server.MinecraftServer.func_71190_q(MinecraftServer.java:732) [MinecraftServer.class:?]
	at net.minecraft.server.dedicated.DedicatedServer.func_71190_q(DedicatedServer.java:387) [ld.class:?]
	at net.minecraft.server.MinecraftServer.func_71217_p(MinecraftServer.java:613) [MinecraftServer.class:?]
	at net.minecraft.server.MinecraftServer.run(MinecraftServer.java:471) [MinecraftServer.class:?]
	at java.lang.Thread.run(Thread.java:745) [?:1.8.0_121]
Caused by: java.lang.NoClassDefFoundError: codechicken/multipart/MultipartRenderer$
	at codechicken.multipart.BlockMultipart.func_149645_b(BlockMultipart.scala:253) ~[BlockMultipart.class:?]
	at net.minecraft.block.state.BlockStateContainer$StateImplementation.func_185901_i(BlockStateContainer.java:343) ~[art$a.class:?]
	at net.minecraft.entity.Entity.func_174808_Z(Entity.java:1144) ~[rw.class:?]
	at net.minecraft.entity.Entity.func_174830_Y(Entity.java:1132) ~[rw.class:?]
	at net.minecraft.entity.Entity.func_70030_z(Entity.java:436) ~[rw.class:?]
	at net.minecraft.entity.EntityLivingBase.func_70030_z(EntityLivingBase.java:216) ~[sf.class:?]
	at net.minecraft.entity.Entity.func_70071_h_(Entity.java:359) ~[rw.class:?]
	at net.minecraft.entity.EntityLivingBase.func_70071_h_(EntityLivingBase.java:1932) ~[sf.class:?]
	at net.minecraft.entity.player.EntityPlayer.func_70071_h_(EntityPlayer.java:233) ~[zs.class:?]
	at net.minecraft.entity.player.EntityPlayerMP.func_71127_g(EntityPlayerMP.java:303) ~[lu.class:?]
	... 9 more
[22:26:31] [Server thread/INFO]: Creepini lost connection: TextComponent{text='Internal server error', siblings=[], style=Style{hasParent=false, color=null, bold=null, italic=null, underlined=null, obfuscated=null, clickEvent=null, hoverEvent=null, insertion=null}}
[22:26:31] [Server thread/INFO]: Creepini left the game
[22:26:38] [User Authenticator #5/INFO]: UUID of player Creepini is e1cae796-a835-44ba-b79e-9a810d9cd1ea
[22:26:39] [Server thread/INFO]: Creepini[/192.168.0.1:51740] logged in with entity id 73212 at (709.4625600217521, 64.96192408821369, 557.0680376620747)
[22:26:39] [Server thread/INFO]: Creepini joined the game
[22:30:36] [Server thread/WARN]: Failed to handle packet for /192.168.0.1:51740
net.minecraft.util.ReportedException: Ticking player
	at net.minecraft.entity.player.EntityPlayerMP.func_71127_g(EntityPlayerMP.java:380) ~[lu.class:?]
	at net.minecraft.network.NetHandlerPlayServer.func_73660_a(NetHandlerPlayServer.java:162) ~[me.class:?]
	at net.minecraftforge.fml.common.network.handshake.NetworkDispatcher$1.func_73660_a(NetworkDispatcher.java:213) ~[NetworkDispatcher$1.class:?]
	at net.minecraft.network.NetworkManager.func_74428_b(NetworkManager.java:287) ~[eo.class:?]
	at net.minecraft.network.NetworkSystem.func_151269_c(NetworkSystem.java:180) [md.class:?]
	at net.minecraft.server.MinecraftServer.func_71190_q(MinecraftServer.java:732) [MinecraftServer.class:?]
	at net.minecraft.server.dedicated.DedicatedServer.func_71190_q(DedicatedServer.java:387) [ld.class:?]
	at net.minecraft.server.MinecraftServer.func_71217_p(MinecraftServer.java:613) [MinecraftServer.class:?]
	at net.minecraft.server.MinecraftServer.run(MinecraftServer.java:471) [MinecraftServer.class:?]
	at java.lang.Thread.run(Thread.java:745) [?:1.8.0_121]
Caused by: java.lang.NoClassDefFoundError: codechicken/multipart/MultipartRenderer$
	at codechicken.multipart.BlockMultipart.func_149645_b(BlockMultipart.scala:253) ~[BlockMultipart.class:?]
	at net.minecraft.block.state.BlockStateContainer$StateImplementation.func_185901_i(BlockStateContainer.java:343) ~[art$a.class:?]
	at net.minecraft.entity.Entity.func_174808_Z(Entity.java:1144) ~[rw.class:?]
	at net.minecraft.entity.Entity.func_174830_Y(Entity.java:1132) ~[rw.class:?]
	at net.minecraft.entity.Entity.func_70030_z(Entity.java:436) ~[rw.class:?]
	at net.minecraft.entity.EntityLivingBase.func_70030_z(EntityLivingBase.java:216) ~[sf.class:?]
	at net.minecraft.entity.Entity.func_70071_h_(Entity.java:359) ~[rw.class:?]
	at net.minecraft.entity.EntityLivingBase.func_70071_h_(EntityLivingBase.java:1932) ~[sf.class:?]
	at net.minecraft.entity.player.EntityPlayer.func_70071_h_(EntityPlayer.java:233) ~[zs.class:?]
	at net.minecraft.entity.player.EntityPlayerMP.func_71127_g(EntityPlayerMP.java:303) ~[lu.class:?]
	... 9 more
[22:30:36] [Server thread/INFO]: Creepini lost connection: TextComponent{text='Internal server error', siblings=[], style=Style{hasParent=false, color=null, bold=null, italic=null, underlined=null, obfuscated=null, clickEvent=null, hoverEvent=null, insertion=null}}
[22:30:36] [Server thread/INFO]: Creepini left the game
[22:30:45] [User Authenticator #6/INFO]: UUID of player Creepini is e1cae796-a835-44ba-b79e-9a810d9cd1ea
[22:30:46] [Server thread/INFO]: Creepini[/192.168.0.1:51752] logged in with entity id 78940 at (709.4474702727132, 63.9375, 556.1297551682896)
[22:30:46] [Server thread/INFO]: Creepini joined the game
[22:32:27] [Server thread/WARN]: Failed to handle packet for /192.168.0.1:51752
net.minecraft.util.ReportedException: Ticking player
	at net.minecraft.entity.player.EntityPlayerMP.func_71127_g(EntityPlayerMP.java:380) ~[lu.class:?]
	at net.minecraft.network.NetHandlerPlayServer.func_73660_a(NetHandlerPlayServer.java:162) ~[me.class:?]
	at net.minecraftforge.fml.common.network.handshake.NetworkDispatcher$1.func_73660_a(NetworkDispatcher.java:213) ~[NetworkDispatcher$1.class:?]
	at net.minecraft.network.NetworkManager.func_74428_b(NetworkManager.java:287) ~[eo.class:?]
	at net.minecraft.network.NetworkSystem.func_151269_c(NetworkSystem.java:180) [md.class:?]
	at net.minecraft.server.MinecraftServer.func_71190_q(MinecraftServer.java:732) [MinecraftServer.class:?]
	at net.minecraft.server.dedicated.DedicatedServer.func_71190_q(DedicatedServer.java:387) [ld.class:?]
	at net.minecraft.server.MinecraftServer.func_71217_p(MinecraftServer.java:613) [MinecraftServer.class:?]
	at net.minecraft.server.MinecraftServer.run(MinecraftServer.java:471) [MinecraftServer.class:?]
	at java.lang.Thread.run(Thread.java:745) [?:1.8.0_121]
Caused by: java.lang.NoClassDefFoundError: codechicken/multipart/MultipartRenderer$
	at codechicken.multipart.BlockMultipart.func_149645_b(BlockMultipart.scala:253) ~[BlockMultipart.class:?]
	at net.minecraft.block.state.BlockStateContainer$StateImplementation.func_185901_i(BlockStateContainer.java:343) ~[art$a.class:?]
	at net.minecraft.entity.Entity.func_174808_Z(Entity.java:1144) ~[rw.class:?]
	at net.minecraft.entity.Entity.func_174830_Y(Entity.java:1132) ~[rw.class:?]
	at net.minecraft.entity.Entity.func_70030_z(Entity.java:436) ~[rw.class:?]
	at net.minecraft.entity.EntityLivingBase.func_70030_z(EntityLivingBase.java:216) ~[sf.class:?]
	at net.minecraft.entity.Entity.func_70071_h_(Entity.java:359) ~[rw.class:?]
	at net.minecraft.entity.EntityLivingBase.func_70071_h_(EntityLivingBase.java:1932) ~[sf.class:?]
	at net.minecraft.entity.player.EntityPlayer.func_70071_h_(EntityPlayer.java:233) ~[zs.class:?]
	at net.minecraft.entity.player.EntityPlayerMP.func_71127_g(EntityPlayerMP.java:303) ~[lu.class:?]
	... 9 more
[22:32:27] [Server thread/INFO]: Creepini lost connection: TextComponent{text='Internal server error', siblings=[], style=Style{hasParent=false, color=null, bold=null, italic=null, underlined=null, obfuscated=null, clickEvent=null, hoverEvent=null, insertion=null}}
[22:32:27] [Server thread/INFO]: Creepini left the game
[22:32:33] [User Authenticator #7/INFO]: UUID of player Creepini is e1cae796-a835-44ba-b79e-9a810d9cd1ea
[22:32:34] [Server thread/INFO]: Creepini[/192.168.0.1:51760] logged in with entity id 81015 at (707.4701224643361, 64.92159999847412, 553.5566159737803)
[22:32:34] [Server thread/INFO]: Creepini joined the game
[22:38:16] [Server thread/INFO]: Creepini lost connection: TextComponent{text='Disconnected', siblings=[], style=Style{hasParent=false, color=null, bold=null, italic=null, underlined=null, obfuscated=null, clickEvent=null, hoverEvent=null, insertion=null}}
[22:38:16] [Server thread/INFO]: Creepini left the game
[22:38:23] [User Authenticator #8/INFO]: UUID of player Creepini is e1cae796-a835-44ba-b79e-9a810d9cd1ea
[22:38:24] [Server thread/INFO]: Creepini[/192.168.0.1:51779] logged in with entity id 90034 at (698.0630205800918, 64.0, 580.3158540031466)
[22:38:24] [Server thread/INFO]: Creepini joined the game
[22:44:49] [Server thread/INFO]: Server Backup started!
[22:44:49] [Server thread/INFO]: Turned off world auto-saving
[22:44:49] [Server thread/INFO]: Saving...
[22:44:49] [Server thread/INFO]: Saved the world
[22:45:03] [Thread-49/INFO]: Server backup done in 00:00:14! (228.7MB | 1.6GB)
[22:45:03] [Server thread/INFO]: Turned on world auto-saving
[22:50:47] [Server thread/INFO]: <Creepini> zzz
[22:54:55] [Server thread/INFO]: Creepini lost connection: TextComponent{text='Disconnected', siblings=[], style=Style{hasParent=false, color=null, bold=null, italic=null, underlined=null, obfuscated=null, clickEvent=null, hoverEvent=null, insertion=null}}
[22:54:55] [Server thread/INFO]: Creepini left the game
[22:55:04] [User Authenticator #9/INFO]: UUID of player Creepini is e1cae796-a835-44ba-b79e-9a810d9cd1ea
[22:55:05] [Server thread/INFO]: Creepini[/192.168.0.1:51822] logged in with entity id 109285 at (709.5195508757041, 63.9375, 569.3000000119209)
[22:55:05] [Server thread/INFO]: Creepini joined the game
[23:12:18] [Server thread/INFO]: Creepini has just earned the achievement [Limitless Potential]
[23:15:18] [Server thread/INFO]: Creepini lost connection: TextComponent{text='Disconnected', siblings=[], style=Style{hasParent=false, color=null, bold=null, italic=null, underlined=null, obfuscated=null, clickEvent=null, hoverEvent=null, insertion=null}}
[23:15:18] [Server thread/INFO]: Creepini left the game
